#
# A fatal error has been detected by the Java Runtime Environment:
#
#  SIGSEGV (0xb) at pc=0x00007fbfc52bb9be, pid=7752, tid=0x00007fbfbc62f700
#
# JRE version: Java(TM) SE Runtime Environment (8.0_101-b13) (build 1.8.0_101-b13)
# Java VM: Java HotSpot(TM) 64-Bit Server VM (25.101-b13 mixed mode linux-amd64 compressed oops)
# Problematic frame:
# J 509 C2 com.android.dx.ssa.NormalSsaInsn.accept(Lcom/android/dx/ssa/SsaInsn$Visitor;)V (25 bytes) @ 0x00007fbfc52bb9be [0x00007fbfc52bb920+0x9e]
#
# Failed to write core dump. Core dumps have been disabled. To enable core dumping, try "ulimit -c unlimited" before starting Java again
#
# If you would like to submit a bug report, please visit:
#   http://bugreport.java.com/bugreport/crash.jsp
#

---------------  T H R E A D  ---------------

Current thread (0x00007fbfd4189000):  JavaThread "pool-2-thread-2" [_thread_in_Java, id=7774, stack(0x00007fbfbc52f000,0x00007fbfbc630000)]

siginfo: si_signo: 11 (SIGSEGV), si_code: 2 (SEGV_ACCERR), si_addr: 0x00000000fb87f0e8

Registers:
RAX=0x000000010007f948, RBX=0x00000000ec197740, RCX=0x00000000eb87ef60, RDX=0x00000000ec052168
RSP=0x00007fbfbc62dc50, RBP=0x00000000fb87f0e0, RSI=0x00000000ec052168, RDI=0x000000000000000a
R8 =0x0000000000000001, R9 =0x00000000eb87f218, R10=0x000000000000000d, R11=0x00000000ec197740
R12=0x0000000000000000, R13=0x0000000000000000, R14=0x0000000000000000, R15=0x00007fbfd4189000
RIP=0x00007fbfc52bb9be, EFLAGS=0x0000000000010202, CSGSFS=0x0000000000000033, ERR=0x0000000000000004
  TRAPNO=0x000000000000000e

Top of Stack: (sp=0x00007fbfbc62dc50)
0x00007fbfbc62dc50:   00000000ec052150 0000000c00000000
0x00007fbfbc62dc60:   00000000ec197740 0000000000000000
0x00007fbfbc62dc70:   000000010001c2c8 ec18b34800000a01
0x00007fbfbc62dc80:   00000000ec197830 0000000000000000
0x00007fbfbc62dc90:   00000000ec197778 00007fbfc5113b59
0x00007fbfbc62dca0:   00000000ec197818 00007fbfc50082bd
0x00007fbfbc62dcb0:   00007fbfc50082bd 00000000ec197778
0x00007fbfbc62dcc0:   00007fbfbc62dcc0 0000000000000001
0x00007fbfbc62dcd0:   0000000000000000 00007fbf00000001
0x00007fbfbc62dce0:   0000000000000007 00007fbfc48dc398
0x00007fbfbc62dcf0:   0000000000000003 00007fbfbc62dd10
0x00007fbfbc62dd00:   00007fbfbc62de10 00007fbfc51aeabc
0x00007fbfbc62dd10:   00007fbfc50082bd 00000000ec1977d8
0x00007fbfbc62dd20:   00007fbfbc62dd20 00007fbfc4d12771
0x00007fbfbc62dd30:   00007fbfbc62dd70 00007fbfc4d13a88
0x00007fbfbc62dd40:   00007fbfc4db16f0 00007fbfc4d12788
0x00007fbfbc62dd50:   0000000000000000 00007fbfbc62dd70
0x00007fbfbc62dd60:   00007fbfbc62ddb8 0000000a00000006
0x00007fbfbc62dd70:   00000000ec051f18 00000000ec197740
0x00007fbfbc62dd80:   00007fbfc4d12e4e 00007fbfbc62ddd0
0x00007fbfbc62dd90:   00007fbfc4d13c78 00007fbfc4dd1aa8
0x00007fbfbc62dda0:   00007fbfbc62de10 00007fbfc50082bd
0x00007fbfbc62ddb0:   00007fbfbc62ddc8 00007fbfc50082bd
0x00007fbfbc62ddc0:   00000000ec197740 00000000ec051f18
0x00007fbfbc62ddd0:   00007fbfbc62ddd0 00007fbfc4d117bd
0x00007fbfbc62dde0:   00007fbfbc62de50 00007fbfc4d13218
0x00007fbfbc62ddf0:   00007fbfc4dba030 00007fbfc4d11908
0x00007fbfbc62de00:   00007fbfbc62ddc0 00007fbfbc62de50
0x00007fbfbc62de10:   00007fbfbc62de98 00007fbfc50082bd
0x00007fbfbc62de20:   0000000000000000 0000000000000000
0x00007fbfbc62de30:   0000000000000000 0000000000000000
0x00007fbfbc62de40:   0000000000000000 0000000000000000 

Instructions: (pc=0x00007fbfc52bb9be)
0x00007fbfc52bb99e:   10 44 8b 51 0c 45 8b 48 18 41 8b 69 10 4c 8b db
0x00007fbfc52bb9ae:   44 8b 45 0c 45 85 c0 0f 86 3e 1c 00 00 8b 6d 10
0x00007fbfc52bb9be:   44 8b 45 08 41 81 f8 35 fa 00 20 0f 85 32 24 00
0x00007fbfc52bb9ce:   00 44 89 54 24 0c 48 89 34 24 45 8b 43 1c 4c 89 

Register to memory mapping:

RAX=0x000000010007f948 is pointing into metadata
RBX=0x00000000ec197740 is an oop
com.android.dx.ssa.SsaRenamer$BlockRenamer 
 - klass: 'com/android/dx/ssa/SsaRenamer$BlockRenamer'
RCX=0x00000000eb87ef60 is an oop
com.android.dx.rop.code.RegisterSpec 
 - klass: 'com/android/dx/rop/code/RegisterSpec'
RDX=0x00000000ec052168 is an oop
com.android.dx.ssa.NormalSsaInsn 
 - klass: 'com/android/dx/ssa/NormalSsaInsn'
RSP=0x00007fbfbc62dc50 is pointing into the stack for thread: 0x00007fbfd4189000
RBP=0x00000000fb87f0e0 is an unallocated location in the heap
RSI=0x00000000ec052168 is an oop
com.android.dx.ssa.NormalSsaInsn 
 - klass: 'com/android/dx/ssa/NormalSsaInsn'
RDI=0x000000000000000a is an unknown value
R8 =0x0000000000000001 is an unknown value
R9 =0x00000000eb87f218 is an oop
com.android.dx.rop.code.RegisterSpecList 
 - klass: 'com/android/dx/rop/code/RegisterSpecList'
R10=0x000000000000000d is an unknown value
R11=0x00000000ec197740 is an oop
com.android.dx.ssa.SsaRenamer$BlockRenamer 
 - klass: 'com/android/dx/ssa/SsaRenamer$BlockRenamer'
R12=0x0000000000000000 is an unknown value
R13=0x0000000000000000 is an unknown value
R14=0x0000000000000000 is an unknown value
R15=0x00007fbfd4189000 is a thread


Stack: [0x00007fbfbc52f000,0x00007fbfbc630000],  sp=0x00007fbfbc62dc50,  free space=1019k
Native frames: (J=compiled Java code, j=interpreted, Vv=VM code, C=native code)
J 509 C2 com.android.dx.ssa.NormalSsaInsn.accept(Lcom/android/dx/ssa/SsaInsn$Visitor;)V (25 bytes) @ 0x00007fbfc52bb9be [0x00007fbfc52bb920+0x9e]
J 319 C1 com.android.dx.ssa.SsaBasicBlock.forEachInsn(Lcom/android/dx/ssa/SsaInsn$Visitor;)V (37 bytes) @ 0x00007fbfc51aeabc [0x00007fbfc51ae760+0x35c]
j  com.android.dx.ssa.SsaRenamer$BlockRenamer.process()V+5
j  com.android.dx.ssa.SsaRenamer$1.visitBlock(Lcom/android/dx/ssa/SsaBasicBlock;Lcom/android/dx/ssa/SsaBasicBlock;)V+12
j  com.android.dx.ssa.SsaMethod.forEachBlockDepthFirstDom(Lcom/android/dx/ssa/SsaBasicBlock$Visitor;)V+119
j  com.android.dx.ssa.SsaRenamer.run()V+12
j  com.android.dx.ssa.SsaConverter.convertToSsaMethod(Lcom/android/dx/rop/code/RopMethod;IZ)Lcom/android/dx/ssa/SsaMethod;+32
j  com.android.dx.ssa.Optimizer.optimize(Lcom/android/dx/rop/code/RopMethod;IZZLcom/android/dx/rop/code/TranslationAdvice;Ljava/util/EnumSet;)Lcom/android/dx/rop/code/RopMethod;+15
j  com.android.dx.ssa.Optimizer.optimize(Lcom/android/dx/rop/code/RopMethod;IZZLcom/android/dx/rop/code/TranslationAdvice;)Lcom/android/dx/rop/code/RopMethod;+11
j  com.android.dx.dex.cf.CfTranslator.processMethods(Lcom/android/dx/cf/direct/DirectClassFile;Lcom/android/dx/dex/cf/CfOptions;Lcom/android/dx/dex/DexOptions;Lcom/android/dx/dex/file/ClassDefItem;Lcom/android/dx/dex/file/DexFile;)V+265
j  com.android.dx.dex.cf.CfTranslator.translate0(Lcom/android/dx/cf/direct/DirectClassFile;[BLcom/android/dx/dex/cf/CfOptions;Lcom/android/dx/dex/DexOptions;Lcom/android/dx/dex/file/DexFile;)Lcom/android/dx/dex/file/ClassDefItem;+120
j  com.android.dx.dex.cf.CfTranslator.translate(Lcom/android/dx/cf/direct/DirectClassFile;[BLcom/android/dx/dex/cf/CfOptions;Lcom/android/dx/dex/DexOptions;Lcom/android/dx/dex/file/DexFile;)Lcom/android/dx/dex/file/ClassDefItem;+6
j  com.android.dx.command.dexer.Main.translateClass([BLcom/android/dx/cf/direct/DirectClassFile;)Lcom/android/dx/dex/file/ClassDefItem;+17
j  com.android.dx.command.dexer.Main.access$2700([BLcom/android/dx/cf/direct/DirectClassFile;)Lcom/android/dx/dex/file/ClassDefItem;+2
j  com.android.dx.command.dexer.Main$ClassTranslatorTask.call()Lcom/android/dx/dex/file/ClassDefItem;+8
j  com.android.dx.command.dexer.Main$ClassTranslatorTask.call()Ljava/lang/Object;+1
j  java.util.concurrent.FutureTask.run()V+42
j  java.util.concurrent.ThreadPoolExecutor.runWorker(Ljava/util/concurrent/ThreadPoolExecutor$Worker;)V+95
j  java.util.concurrent.ThreadPoolExecutor$Worker.run()V+5
j  java.lang.Thread.run()V+11
v  ~StubRoutines::call_stub
V  [libjvm.so+0x68f6b6]  JavaCalls::call_helper(JavaValue*, methodHandle*, JavaCallArguments*, Thread*)+0x1056
V  [libjvm.so+0x68fbc1]  JavaCalls::call_virtual(JavaValue*, KlassHandle, Symbol*, Symbol*, JavaCallArguments*, Thread*)+0x321
V  [libjvm.so+0x690067]  JavaCalls::call_virtual(JavaValue*, Handle, KlassHandle, Symbol*, Symbol*, Thread*)+0x47
V  [libjvm.so+0x726fc0]  thread_entry(JavaThread*, Thread*)+0xa0
V  [libjvm.so+0xa7343f]  JavaThread::thread_main_inner()+0xdf
V  [libjvm.so+0xa7356c]  JavaThread::run()+0x11c
V  [libjvm.so+0x924698]  java_start(Thread*)+0x108
C  [libpthread.so.0+0x76fa]  start_thread+0xca


---------------  P R O C E S S  ---------------

Java Threads: ( => current thread )
  0x00007fbfd417f800 JavaThread "pool-2-thread-4" [_thread_in_Java, id=7776, stack(0x00007fbfbc32d000,0x00007fbfbc42e000)]
  0x00007fbfd418f000 JavaThread "pool-2-thread-3" [_thread_in_Java, id=7775, stack(0x00007fbfbc42e000,0x00007fbfbc52f000)]
=>0x00007fbfd4189000 JavaThread "pool-2-thread-2" [_thread_in_Java, id=7774, stack(0x00007fbfbc52f000,0x00007fbfbc630000)]
  0x00007fbfd417d000 JavaThread "pool-3-thread-1" [_thread_blocked, id=7773, stack(0x00007fbfbc630000,0x00007fbfbc731000)]
  0x00007fbfd4178800 JavaThread "pool-2-thread-1" [_thread_in_Java, id=7772, stack(0x00007fbfbc731000,0x00007fbfbc832000)]
  0x00007fbfd40c9000 JavaThread "Service Thread" daemon [_thread_blocked, id=7770, stack(0x00007fbfbc933000,0x00007fbfbca34000)]
  0x00007fbfd40be000 JavaThread "C1 CompilerThread2" daemon [_thread_in_native, id=7769, stack(0x00007fbfbca34000,0x00007fbfbcb35000)]
  0x00007fbfd40bc000 JavaThread "C2 CompilerThread1" daemon [_thread_in_native, id=7768, stack(0x00007fbfbcb35000,0x00007fbfbcc36000)]
  0x00007fbfd40b9800 JavaThread "C2 CompilerThread0" daemon [_thread_blocked, id=7767, stack(0x00007fbfbcc36000,0x00007fbfbcd37000)]
  0x00007fbfd40b8000 JavaThread "Signal Dispatcher" daemon [_thread_blocked, id=7766, stack(0x00007fbfbcd37000,0x00007fbfbce38000)]
  0x00007fbfd4084000 JavaThread "Finalizer" daemon [_thread_blocked, id=7765, stack(0x00007fbfbd7f8000,0x00007fbfbd8f9000)]
  0x00007fbfd407f800 JavaThread "Reference Handler" daemon [_thread_blocked, id=7764, stack(0x00007fbfbd8f9000,0x00007fbfbd9fa000)]
  0x00007fbfd400a000 JavaThread "main" [_thread_in_Java, id=7754, stack(0x00007fbfdc109000,0x00007fbfdc20a000)]

Other Threads:
  0x00007fbfd4078000 VMThread [stack: 0x00007fbfbd9fa000,0x00007fbfbdafb000] [id=7763]
  0x00007fbfd40cc000 WatcherThread [stack: 0x00007fbfbc832000,0x00007fbfbc933000] [id=7771]

VM state:not at safepoint (normal execution)

VM Mutex/Monitor currently owned by a thread: None

Heap:
 PSYoungGen      total 27648K, used 23623K [0x00000000eab00000, 0x00000000ec980000, 0x0000000100000000)
  eden space 24064K, 98% used [0x00000000eab00000,0x00000000ec211d80,0x00000000ec280000)
  from space 3584K, 0% used [0x00000000ec600000,0x00000000ec600000,0x00000000ec980000)
  to   space 3584K, 0% used [0x00000000ec280000,0x00000000ec280000,0x00000000ec600000)
 ParOldGen       total 62976K, used 0K [0x00000000c0000000, 0x00000000c3d80000, 0x00000000eab00000)
  object space 62976K, 0% used [0x00000000c0000000,0x00000000c0000000,0x00000000c3d80000)
 Metaspace       used 5506K, capacity 6704K, committed 6784K, reserved 1056768K
  class space    used 568K, capacity 616K, committed 640K, reserved 1048576K

Card table byte_map: [0x00007fbfd8cb7000,0x00007fbfd8eb8000] byte_map_base: 0x00007fbfd86b7000

Marking Bits: (ParMarkBitMap*) 0x00007fbfdb5e0120
 Begin Bits: [0x00007fbfbe000000, 0x00007fbfbf000000)
 End Bits:   [0x00007fbfbf000000, 0x00007fbfc0000000)

Polling page: 0x00007fbfdc22f000

CodeCache: size=245760Kb used=2822Kb max_used=2822Kb free=242937Kb
 bounds [0x00007fbfc5000000, 0x00007fbfc52d0000, 0x00007fbfd4000000]
 total_blobs=898 nmethods=637 adapters=175
 compilation: enabled

Compilation events (10 events):
Event: 0,922 Thread 0x00007fbfd40be000 nmethod 693 0x00007fbfc52b7950 code [0x00007fbfc52b7b00, 0x00007fbfc52b7ee8]
Event: 0,922 Thread 0x00007fbfd40be000  697       2       com.android.dx.ssa.SsaMethod::onSourcesChanged (69 bytes)
Event: 0,923 Thread 0x00007fbfd40b9800 nmethod 610 0x00007fbfc52b4690 code [0x00007fbfc52b4800, 0x00007fbfc52b4998]
Event: 0,923 Thread 0x00007fbfd40b9800  608   !   4       com.android.dx.util.FixedSizeList::<init> (36 bytes)
Event: 0,923 Thread 0x00007fbfd40be000 nmethod 697 0x00007fbfc52b6e90 code [0x00007fbfc52b7040, 0x00007fbfc52b7478]
Event: 0,923 Thread 0x00007fbfd40be000  688       2       com.android.dx.cf.code.LocalVariableList::pcAndIndexToLocal (51 bytes)
Event: 0,924 Thread 0x00007fbfd40be000 nmethod 688 0x00007fbfc52b40d0 code [0x00007fbfc52b4240, 0x00007fbfc52b44e8]
Event: 0,924 Thread 0x00007fbfd40be000  690       2       com.android.dx.util.BitIntSet$1::<init> (25 bytes)
Event: 0,924 Thread 0x00007fbfd40be000 nmethod 690 0x00007fbfc52b6a90 code [0x00007fbfc52b6c00, 0x00007fbfc52b6da8]
Event: 0,924 Thread 0x00007fbfd40be000  700       2       com.android.dx.ssa.SsaRenamer::isBelowThresholdRegister (14 bytes)

GC Heap History (0 events):
No events

Deoptimization events (3 events):
Event: 0,388 Thread 0x00007fbfd400a000 Uncommon trap: reason=unstable_if action=reinterpret pc=0x00007fbfc513e0c4 method=java.lang.String.indexOf(II)I @ 49
Event: 0,453 Thread 0x00007fbfd400a000 Uncommon trap: reason=unstable_if action=reinterpret pc=0x00007fbfc5171158 method=java.lang.String.<init>([CII)V @ 18
Event: 0,581 Thread 0x00007fbfd418f000 Uncommon trap: reason=unstable_if action=reinterpret pc=0x00007fbfc51c8564 method=java.util.HashMap.getNode(ILjava/lang/Object;)Ljava/util/HashMap$Node; @ 62

Internal exceptions (2 events):
Event: 0,037 Thread 0x00007fbfd400a000 Exception <a 'java/lang/NoSuchMethodError': Method sun.misc.Unsafe.defineClass(Ljava/lang/String;[BII)Ljava/lang/Class; name or signature does not match> (0x00000000eab07cc0) thrown at [/HUDSON3/workspace/8-2-build-linux-amd64/jdk8u101/7261/hotspot/src/sh
Event: 0,038 Thread 0x00007fbfd400a000 Exception <a 'java/lang/NoSuchMethodError': Method sun.misc.Unsafe.prefetchRead(Ljava/lang/Object;J)V name or signature does not match> (0x00000000eab07fa8) thrown at [/HUDSON3/workspace/8-2-build-linux-amd64/jdk8u101/7261/hotspot/src/share/vm/prims/jni.c

Events (10 events):
Event: 0,695 Thread 0x00007fbfd4178800 DEOPT PACKING pc=0x00007fbfc5243802 sp=0x00007fbfbc82fef0
Event: 0,695 Thread 0x00007fbfd4178800 DEOPT UNPACKING pc=0x00007fbfc5047633 sp=0x00007fbfbc82fc88 mode 0
Event: 0,697 Thread 0x00007fbfd4178800 DEOPT PACKING pc=0x00007fbfc5243802 sp=0x00007fbfbc82fef0
Event: 0,697 Thread 0x00007fbfd4178800 DEOPT UNPACKING pc=0x00007fbfc5047633 sp=0x00007fbfbc82fc88 mode 0
Event: 0,699 Thread 0x00007fbfd4178800 DEOPT PACKING pc=0x00007fbfc5243802 sp=0x00007fbfbc82fef0
Event: 0,699 Thread 0x00007fbfd4178800 DEOPT UNPACKING pc=0x00007fbfc5047633 sp=0x00007fbfbc82fc88 mode 0
Event: 0,700 Thread 0x00007fbfd400a000 DEOPT PACKING pc=0x00007fbfc5243802 sp=0x00007fbfdc207680
Event: 0,700 Thread 0x00007fbfd400a000 DEOPT UNPACKING pc=0x00007fbfc5047633 sp=0x00007fbfdc207418 mode 0
Event: 0,770 loading class com/android/dx/rop/cst/CstArray$List
Event: 0,770 loading class com/android/dx/rop/cst/CstArray$List done


Dynamic libraries:
00400000-00401000 r-xp 00000000 08:06 4991853                            /usr/lib/jvm/java-8-oracle/bin/java
00600000-00601000 rw-p 00000000 08:06 4991853                            /usr/lib/jvm/java-8-oracle/bin/java
01070000-01091000 rw-p 00000000 00:00 0                                  [heap]
c0000000-c3d80000 rw-p 00000000 00:00 0 
c3d80000-eab00000 ---p 00000000 00:00 0 
eab00000-ec980000 rw-p 00000000 00:00 0 
ec980000-100000000 ---p 00000000 00:00 0 
100000000-1000a0000 rw-p 00000000 00:00 0 
1000a0000-140000000 ---p 00000000 00:00 0 
7fbf74000000-7fbf74031000 rw-p 00000000 00:00 0 
7fbf74031000-7fbf78000000 ---p 00000000 00:00 0 
7fbf7c000000-7fbf7c2ce000 rw-p 00000000 00:00 0 
7fbf7c2ce000-7fbf80000000 ---p 00000000 00:00 0 
7fbf80000000-7fbf80021000 rw-p 00000000 00:00 0 
7fbf80021000-7fbf84000000 ---p 00000000 00:00 0 
7fbf84000000-7fbf84054000 rw-p 00000000 00:00 0 
7fbf84054000-7fbf88000000 ---p 00000000 00:00 0 
7fbf88000000-7fbf88021000 rw-p 00000000 00:00 0 
7fbf88021000-7fbf8c000000 ---p 00000000 00:00 0 
7fbf8c000000-7fbf8c021000 rw-p 00000000 00:00 0 
7fbf8c021000-7fbf90000000 ---p 00000000 00:00 0 
7fbf90000000-7fbf90021000 rw-p 00000000 00:00 0 
7fbf90021000-7fbf94000000 ---p 00000000 00:00 0 
7fbf94000000-7fbf9468b000 rw-p 00000000 00:00 0 
7fbf9468b000-7fbf98000000 ---p 00000000 00:00 0 
7fbf98000000-7fbf98620000 rw-p 00000000 00:00 0 
7fbf98620000-7fbf9c000000 ---p 00000000 00:00 0 
7fbf9c000000-7fbf9c021000 rw-p 00000000 00:00 0 
7fbf9c021000-7fbfa0000000 ---p 00000000 00:00 0 
7fbfa0000000-7fbfa04f2000 rw-p 00000000 00:00 0 
7fbfa04f2000-7fbfa4000000 ---p 00000000 00:00 0 
7fbfa4000000-7fbfa4021000 rw-p 00000000 00:00 0 
7fbfa4021000-7fbfa8000000 ---p 00000000 00:00 0 
7fbfa8000000-7fbfa8021000 rw-p 00000000 00:00 0 
7fbfa8021000-7fbfac000000 ---p 00000000 00:00 0 
7fbfac000000-7fbfac021000 rw-p 00000000 00:00 0 
7fbfac021000-7fbfb0000000 ---p 00000000 00:00 0 
7fbfb0000000-7fbfb0021000 rw-p 00000000 00:00 0 
7fbfb0021000-7fbfb4000000 ---p 00000000 00:00 0 
7fbfb4000000-7fbfb4021000 rw-p 00000000 00:00 0 
7fbfb4021000-7fbfb8000000 ---p 00000000 00:00 0 
7fbfb8000000-7fbfb8021000 rw-p 00000000 00:00 0 
7fbfb8021000-7fbfbc000000 ---p 00000000 00:00 0 
7fbfbc32d000-7fbfbc330000 ---p 00000000 00:00 0 
7fbfbc330000-7fbfbc42e000 rw-p 00000000 00:00 0 
7fbfbc42e000-7fbfbc431000 ---p 00000000 00:00 0 
7fbfbc431000-7fbfbc52f000 rw-p 00000000 00:00 0 
7fbfbc52f000-7fbfbc532000 ---p 00000000 00:00 0 
7fbfbc532000-7fbfbc630000 rw-p 00000000 00:00 0 
7fbfbc630000-7fbfbc633000 ---p 00000000 00:00 0 
7fbfbc633000-7fbfbc731000 rw-p 00000000 00:00 0 
7fbfbc731000-7fbfbc734000 ---p 00000000 00:00 0 
7fbfbc734000-7fbfbc832000 rw-p 00000000 00:00 0 
7fbfbc832000-7fbfbc833000 ---p 00000000 00:00 0 
7fbfbc833000-7fbfbc933000 rw-p 00000000 00:00 0 
7fbfbc933000-7fbfbc936000 ---p 00000000 00:00 0 
7fbfbc936000-7fbfbca34000 rw-p 00000000 00:00 0 
7fbfbca34000-7fbfbca37000 ---p 00000000 00:00 0 
7fbfbca37000-7fbfbcb35000 rw-p 00000000 00:00 0 
7fbfbcb35000-7fbfbcb38000 ---p 00000000 00:00 0 
7fbfbcb38000-7fbfbcc36000 rw-p 00000000 00:00 0 
7fbfbcc36000-7fbfbcc39000 ---p 00000000 00:00 0 
7fbfbcc39000-7fbfbcd37000 rw-p 00000000 00:00 0 
7fbfbcd37000-7fbfbcd3a000 ---p 00000000 00:00 0 
7fbfbcd3a000-7fbfbce38000 rw-p 00000000 00:00 0 
7fbfbce38000-7fbfbd7f8000 r--p 00000000 08:06 2628587                    /usr/lib/locale/locale-archive
7fbfbd7f8000-7fbfbd7fb000 ---p 00000000 00:00 0 
7fbfbd7fb000-7fbfbd8f9000 rw-p 00000000 00:00 0 
7fbfbd8f9000-7fbfbd8fc000 ---p 00000000 00:00 0 
7fbfbd8fc000-7fbfbd9fa000 rw-p 00000000 00:00 0 
7fbfbd9fa000-7fbfbd9fb000 ---p 00000000 00:00 0 
7fbfbd9fb000-7fbfc0000000 rw-p 00000000 00:00 0 
7fbfc0000000-7fbfc0021000 rw-p 00000000 00:00 0 
7fbfc0021000-7fbfc4000000 ---p 00000000 00:00 0 
7fbfc4046000-7fbfc4054000 r--s 000e0000 08:06 9570111                    /home/nur/Android/Sdk/build-tools/24.0.2/lib/dx.jar
7fbfc4054000-7fbfc4e00000 rw-p 00000000 00:00 0 
7fbfc4e00000-7fbfc5000000 ---p 00000000 00:00 0 
7fbfc5000000-7fbfc52d0000 rwxp 00000000 00:00 0 
7fbfc52d0000-7fbfd4000000 ---p 00000000 00:00 0 
7fbfd4000000-7fbfd43c2000 rw-p 00000000 00:00 0 
7fbfd43c2000-7fbfd8000000 ---p 00000000 00:00 0 
7fbfd800b000-7fbfd830e000 rw-p 00000000 00:00 0 
7fbfd830e000-7fbfd84e7000 r--s 03d29000 08:06 5119781                    /usr/lib/jvm/java-8-oracle/jre/lib/rt.jar
7fbfd84e7000-7fbfd875d000 rw-p 00000000 00:00 0 
7fbfd875d000-7fbfd875e000 ---p 00000000 00:00 0 
7fbfd875e000-7fbfd885e000 rw-p 00000000 00:00 0 
7fbfd885e000-7fbfd885f000 ---p 00000000 00:00 0 
7fbfd885f000-7fbfd895f000 rw-p 00000000 00:00 0 
7fbfd895f000-7fbfd8960000 ---p 00000000 00:00 0 
7fbfd8960000-7fbfd8a60000 rw-p 00000000 00:00 0 
7fbfd8a60000-7fbfd8a61000 ---p 00000000 00:00 0 
7fbfd8a61000-7fbfd8b80000 rw-p 00000000 00:00 0 
7fbfd8b80000-7fbfd8cb7000 ---p 00000000 00:00 0 
7fbfd8cb7000-7fbfd8cd6000 rw-p 00000000 00:00 0 
7fbfd8cd6000-7fbfd8e0c000 ---p 00000000 00:00 0 
7fbfd8e0c000-7fbfd8e1c000 rw-p 00000000 00:00 0 
7fbfd8e1c000-7fbfd8eb7000 ---p 00000000 00:00 0 
7fbfd8eb7000-7fbfd8ec4000 rw-p 00000000 00:00 0 
7fbfd8ec4000-7fbfd9278000 ---p 00000000 00:00 0 
7fbfd9278000-7fbfd9292000 r-xp 00000000 08:06 7213491                    /usr/lib/jvm/java-8-oracle/jre/lib/amd64/libzip.so
7fbfd9292000-7fbfd9492000 ---p 0001a000 08:06 7213491                    /usr/lib/jvm/java-8-oracle/jre/lib/amd64/libzip.so
7fbfd9492000-7fbfd9493000 rw-p 0001a000 08:06 7213491                    /usr/lib/jvm/java-8-oracle/jre/lib/amd64/libzip.so
7fbfd9493000-7fbfd949e000 r-xp 00000000 08:06 791069                     /lib/x86_64-linux-gnu/libnss_files-2.23.so
7fbfd949e000-7fbfd969d000 ---p 0000b000 08:06 791069                     /lib/x86_64-linux-gnu/libnss_files-2.23.so
7fbfd969d000-7fbfd969e000 r--p 0000a000 08:06 791069                     /lib/x86_64-linux-gnu/libnss_files-2.23.so
7fbfd969e000-7fbfd969f000 rw-p 0000b000 08:06 791069                     /lib/x86_64-linux-gnu/libnss_files-2.23.so
7fbfd969f000-7fbfd96a5000 rw-p 00000000 00:00 0 
7fbfd96a5000-7fbfd96b0000 r-xp 00000000 08:06 791079                     /lib/x86_64-linux-gnu/libnss_nis-2.23.so
7fbfd96b0000-7fbfd98af000 ---p 0000b000 08:06 791079                     /lib/x86_64-linux-gnu/libnss_nis-2.23.so
7fbfd98af000-7fbfd98b0000 r--p 0000a000 08:06 791079                     /lib/x86_64-linux-gnu/libnss_nis-2.23.so
7fbfd98b0000-7fbfd98b1000 rw-p 0000b000 08:06 791079                     /lib/x86_64-linux-gnu/libnss_nis-2.23.so
7fbfd98b1000-7fbfd98c7000 r-xp 00000000 08:06 791063                     /lib/x86_64-linux-gnu/libnsl-2.23.so
7fbfd98c7000-7fbfd9ac6000 ---p 00016000 08:06 791063                     /lib/x86_64-linux-gnu/libnsl-2.23.so
7fbfd9ac6000-7fbfd9ac7000 r--p 00015000 08:06 791063                     /lib/x86_64-linux-gnu/libnsl-2.23.so
7fbfd9ac7000-7fbfd9ac8000 rw-p 00016000 08:06 791063                     /lib/x86_64-linux-gnu/libnsl-2.23.so
7fbfd9ac8000-7fbfd9aca000 rw-p 00000000 00:00 0 
7fbfd9aca000-7fbfd9ad2000 r-xp 00000000 08:06 791065                     /lib/x86_64-linux-gnu/libnss_compat-2.23.so
7fbfd9ad2000-7fbfd9cd1000 ---p 00008000 08:06 791065                     /lib/x86_64-linux-gnu/libnss_compat-2.23.so
7fbfd9cd1000-7fbfd9cd2000 r--p 00007000 08:06 791065                     /lib/x86_64-linux-gnu/libnss_compat-2.23.so
7fbfd9cd2000-7fbfd9cd3000 rw-p 00008000 08:06 791065                     /lib/x86_64-linux-gnu/libnss_compat-2.23.so
7fbfd9cd3000-7fbfd9cfd000 r-xp 00000000 08:06 7213517                    /usr/lib/jvm/java-8-oracle/jre/lib/amd64/libjava.so
7fbfd9cfd000-7fbfd9efd000 ---p 0002a000 08:06 7213517                    /usr/lib/jvm/java-8-oracle/jre/lib/amd64/libjava.so
7fbfd9efd000-7fbfd9eff000 rw-p 0002a000 08:06 7213517                    /usr/lib/jvm/java-8-oracle/jre/lib/amd64/libjava.so
7fbfd9eff000-7fbfd9f0c000 r-xp 00000000 08:06 7213471                    /usr/lib/jvm/java-8-oracle/jre/lib/amd64/libverify.so
7fbfd9f0c000-7fbfda10c000 ---p 0000d000 08:06 7213471                    /usr/lib/jvm/java-8-oracle/jre/lib/amd64/libverify.so
7fbfda10c000-7fbfda10e000 rw-p 0000d000 08:06 7213471                    /usr/lib/jvm/java-8-oracle/jre/lib/amd64/libverify.so
7fbfda10e000-7fbfda115000 r-xp 00000000 08:06 791124                     /lib/x86_64-linux-gnu/librt-2.23.so
7fbfda115000-7fbfda314000 ---p 00007000 08:06 791124                     /lib/x86_64-linux-gnu/librt-2.23.so
7fbfda314000-7fbfda315000 r--p 00006000 08:06 791124                     /lib/x86_64-linux-gnu/librt-2.23.so
7fbfda315000-7fbfda316000 rw-p 00007000 08:06 791124                     /lib/x86_64-linux-gnu/librt-2.23.so
7fbfda316000-7fbfda41e000 r-xp 00000000 08:06 791040                     /lib/x86_64-linux-gnu/libm-2.23.so
7fbfda41e000-7fbfda61d000 ---p 00108000 08:06 791040                     /lib/x86_64-linux-gnu/libm-2.23.so
7fbfda61d000-7fbfda61e000 r--p 00107000 08:06 791040                     /lib/x86_64-linux-gnu/libm-2.23.so
7fbfda61e000-7fbfda61f000 rw-p 00108000 08:06 791040                     /lib/x86_64-linux-gnu/libm-2.23.so
7fbfda61f000-7fbfdb2ea000 r-xp 00000000 08:06 7344163                    /usr/lib/jvm/java-8-oracle/jre/lib/amd64/server/libjvm.so
7fbfdb2ea000-7fbfdb4e9000 ---p 00ccb000 08:06 7344163                    /usr/lib/jvm/java-8-oracle/jre/lib/amd64/server/libjvm.so
7fbfdb4e9000-7fbfdb5c2000 rw-p 00cca000 08:06 7344163                    /usr/lib/jvm/java-8-oracle/jre/lib/amd64/server/libjvm.so
7fbfdb5c2000-7fbfdb60d000 rw-p 00000000 00:00 0 
7fbfdb60d000-7fbfdb7cd000 r-xp 00000000 08:06 790970                     /lib/x86_64-linux-gnu/libc-2.23.so
7fbfdb7cd000-7fbfdb9cc000 ---p 001c0000 08:06 790970                     /lib/x86_64-linux-gnu/libc-2.23.so
7fbfdb9cc000-7fbfdb9d0000 r--p 001bf000 08:06 790970                     /lib/x86_64-linux-gnu/libc-2.23.so
7fbfdb9d0000-7fbfdb9d2000 rw-p 001c3000 08:06 790970                     /lib/x86_64-linux-gnu/libc-2.23.so
7fbfdb9d2000-7fbfdb9d6000 rw-p 00000000 00:00 0 
7fbfdb9d6000-7fbfdb9d9000 r-xp 00000000 08:06 790994                     /lib/x86_64-linux-gnu/libdl-2.23.so
7fbfdb9d9000-7fbfdbbd8000 ---p 00003000 08:06 790994                     /lib/x86_64-linux-gnu/libdl-2.23.so
7fbfdbbd8000-7fbfdbbd9000 r--p 00002000 08:06 790994                     /lib/x86_64-linux-gnu/libdl-2.23.so
7fbfdbbd9000-7fbfdbbda000 rw-p 00003000 08:06 790994                     /lib/x86_64-linux-gnu/libdl-2.23.so
7fbfdbbda000-7fbfdbbef000 r-xp 00000000 08:06 9183342                    /usr/lib/jvm/java-8-oracle/lib/amd64/jli/libjli.so
7fbfdbbef000-7fbfdbdef000 ---p 00015000 08:06 9183342                    /usr/lib/jvm/java-8-oracle/lib/amd64/jli/libjli.so
7fbfdbdef000-7fbfdbdf0000 rw-p 00015000 08:06 9183342                    /usr/lib/jvm/java-8-oracle/lib/amd64/jli/libjli.so
7fbfdbdf0000-7fbfdbe08000 r-xp 00000000 08:06 791116                     /lib/x86_64-linux-gnu/libpthread-2.23.so
7fbfdbe08000-7fbfdc007000 ---p 00018000 08:06 791116                     /lib/x86_64-linux-gnu/libpthread-2.23.so
7fbfdc007000-7fbfdc008000 r--p 00017000 08:06 791116                     /lib/x86_64-linux-gnu/libpthread-2.23.so
7fbfdc008000-7fbfdc009000 rw-p 00018000 08:06 791116                     /lib/x86_64-linux-gnu/libpthread-2.23.so
7fbfdc009000-7fbfdc00d000 rw-p 00000000 00:00 0 
7fbfdc00d000-7fbfdc033000 r-xp 00000000 08:06 790942                     /lib/x86_64-linux-gnu/ld-2.23.so
7fbfdc037000-7fbfdc109000 rw-p 00000000 00:00 0 
7fbfdc109000-7fbfdc10c000 ---p 00000000 00:00 0 
7fbfdc10c000-7fbfdc20e000 rw-p 00000000 00:00 0 
7fbfdc212000-7fbfdc226000 rw-p 00000000 00:00 0 
7fbfdc226000-7fbfdc22e000 rw-s 00000000 08:06 5646777                    /tmp/hsperfdata_nur/7752
7fbfdc22e000-7fbfdc22f000 rw-p 00000000 00:00 0 
7fbfdc22f000-7fbfdc230000 r--p 00000000 00:00 0 
7fbfdc230000-7fbfdc232000 rw-p 00000000 00:00 0 
7fbfdc232000-7fbfdc233000 r--p 00025000 08:06 790942                     /lib/x86_64-linux-gnu/ld-2.23.so
7fbfdc233000-7fbfdc234000 rw-p 00026000 08:06 790942                     /lib/x86_64-linux-gnu/ld-2.23.so
7fbfdc234000-7fbfdc235000 rw-p 00000000 00:00 0 
7ffd37eaa000-7ffd37ecc000 rw-p 00000000 00:00 0                          [stack]
7ffd37f85000-7ffd37f87000 r--p 00000000 00:00 0                          [vvar]
7ffd37f87000-7ffd37f89000 r-xp 00000000 00:00 0                          [vdso]
ffffffffff600000-ffffffffff601000 r-xp 00000000 00:00 0                  [vsyscall]

VM Arguments:
jvm_args: -Djava.awt.headless=true -Xmx1024M -Dfile.encoding=UTF-8 -Duser.country=US -Duser.language=en -Duser.variant 
java_command: com.android.dx.command.Main --dex --force-jumbo --num-threads=4 --multi-dex --output /home/nur/AndroidStudioProjects/TaskTwo/app/build/intermediates/transforms/dex/debug/folders/1000/5/slice_2 /home/nur/AndroidStudioProjects/TaskTwo/app/build/intermediates/transforms/instantRunSlicer/debug/folders/1/5/slice_2
java_class_path (initial): /home/nur/Android/Sdk/build-tools/24.0.2/lib/dx.jar
Launcher Type: SUN_STANDARD

Environment Variables:
PATH=/usr/local/heroku/bin:/usr/local/sbin:/usr/local/bin:/usr/sbin:/usr/bin:/sbin:/bin:/usr/games:/usr/local/games:/snap/bin
LD_LIBRARY_PATH=/home/nur/android-studio/bin:
SHELL=/bin/bash
DISPLAY=:0

Signal Handlers:
SIGSEGV: [libjvm.so+0xac4790], sa_mask[0]=11111111011111111101111111111110, sa_flags=SA_RESTART|SA_SIGINFO
SIGBUS: [libjvm.so+0xac4790], sa_mask[0]=11111111011111111101111111111110, sa_flags=SA_RESTART|SA_SIGINFO
SIGFPE: [libjvm.so+0x91f140], sa_mask[0]=11111111011111111101111111111110, sa_flags=SA_RESTART|SA_SIGINFO
SIGPIPE: [libjvm.so+0x91f140], sa_mask[0]=11111111011111111101111111111110, sa_flags=SA_RESTART|SA_SIGINFO
SIGXFSZ: [libjvm.so+0x91f140], sa_mask[0]=11111111011111111101111111111110, sa_flags=SA_RESTART|SA_SIGINFO
SIGILL: [libjvm.so+0x91f140], sa_mask[0]=11111111011111111101111111111110, sa_flags=SA_RESTART|SA_SIGINFO
SIGUSR1: SIG_DFL, sa_mask[0]=00000000000000000000000000000000, sa_flags=none
SIGUSR2: [libjvm.so+0x920770], sa_mask[0]=00100000000000000000000000000000, sa_flags=SA_RESTART|SA_SIGINFO
SIGHUP: [libjvm.so+0x921b70], sa_mask[0]=11111111011111111101111111111110, sa_flags=SA_RESTART|SA_SIGINFO
SIGINT: [libjvm.so+0x921b70], sa_mask[0]=11111111011111111101111111111110, sa_flags=SA_RESTART|SA_SIGINFO
SIGTERM: [libjvm.so+0x921b70], sa_mask[0]=11111111011111111101111111111110, sa_flags=SA_RESTART|SA_SIGINFO
SIGQUIT: [libjvm.so+0x921b70], sa_mask[0]=11111111011111111101111111111110, sa_flags=SA_RESTART|SA_SIGINFO


---------------  S Y S T E M  ---------------

OS:DISTRIB_ID=Ubuntu
DISTRIB_RELEASE=16.04
DISTRIB_CODENAME=xenial
DISTRIB_DESCRIPTION="Ubuntu 16.04.1 LTS"

uname:Linux 4.4.0-38-generic #57-Ubuntu SMP Tue Sep 6 15:42:33 UTC 2016 x86_64
libc:glibc 2.23 NPTL 2.23 
rlimit: STACK 8192k, CORE 0k, NPROC 22972, NOFILE 65536, AS infinity
load average:0,98 0,90 0,87

/proc/meminfo:
MemTotal:        5918860 kB
MemFree:          581936 kB
MemAvailable:    2402100 kB
Buffers:          418700 kB
Cached:          1425684 kB
SwapCached:            0 kB
Active:          4029016 kB
Inactive:         810264 kB
Active(anon):    2997880 kB
Inactive(anon):    36132 kB
Active(file):    1031136 kB
Inactive(file):   774132 kB
Unevictable:          32 kB
Mlocked:              32 kB
SwapTotal:       1953788 kB
SwapFree:        1953788 kB
Dirty:             32896 kB
Writeback:             0 kB
AnonPages:       2994728 kB
Mapped:           346724 kB
Shmem:             39348 kB
Slab:             349204 kB
SReclaimable:     311164 kB
SUnreclaim:        38040 kB
KernelStack:        9552 kB
PageTables:        36660 kB
NFS_Unstable:          0 kB
Bounce:                0 kB
WritebackTmp:          0 kB
CommitLimit:     4913216 kB
Committed_AS:    6411936 kB
VmallocTotal:   34359738367 kB
VmallocUsed:           0 kB
VmallocChunk:          0 kB
HardwareCorrupted:     0 kB
AnonHugePages:   1816576 kB
CmaTotal:              0 kB
CmaFree:               0 kB
HugePages_Total:       0
HugePages_Free:        0
HugePages_Rsvd:        0
HugePages_Surp:        0
Hugepagesize:       2048 kB
DirectMap4k:      222800 kB
DirectMap2M:     5875712 kB


CPU:total 4 (2 cores per cpu, 2 threads per core) family 6 model 42 stepping 7, cmov, cx8, fxsr, mmx, sse, sse2, sse3, ssse3, sse4.1, sse4.2, popcnt, avx, aes, clmul, ht, tsc, tscinvbit

/proc/cpuinfo:
processor	: 0
vendor_id	: GenuineIntel
cpu family	: 6
model		: 42
model name	: Intel(R) Core(TM) i5-2450M CPU @ 2.50GHz
stepping	: 7
microcode	: 0x23
cpu MHz		: 2499.902
cache size	: 3072 KB
physical id	: 0
siblings	: 4
core id		: 0
cpu cores	: 2
apicid		: 0
initial apicid	: 0
fpu		: yes
fpu_exception	: yes
cpuid level	: 13
wp		: yes
flags		: fpu vme de pse tsc msr pae mce cx8 apic sep mtrr pge mca cmov pat pse36 clflush dts acpi mmx fxsr sse sse2 ss ht tm pbe syscall nx rdtscp lm constant_tsc arch_perfmon pebs bts nopl xtopology nonstop_tsc aperfmperf eagerfpu pni pclmulqdq dtes64 monitor ds_cpl vmx est tm2 ssse3 cx16 xtpr pdcm pcid sse4_1 sse4_2 x2apic popcnt tsc_deadline_timer aes xsave avx lahf_lm epb tpr_shadow vnmi flexpriority ept vpid xsaveopt dtherm ida arat pln pts
bugs		:
bogomips	: 4989.16
clflush size	: 64
cache_alignment	: 64
address sizes	: 36 bits physical, 48 bits virtual
power management:

processor	: 1
vendor_id	: GenuineIntel
cpu family	: 6
model		: 42
model name	: Intel(R) Core(TM) i5-2450M CPU @ 2.50GHz
stepping	: 7
microcode	: 0x23
cpu MHz		: 2499.902
cache size	: 3072 KB
physical id	: 0
siblings	: 4
core id		: 0
cpu cores	: 2
apicid		: 1
initial apicid	: 1
fpu		: yes
fpu_exception	: yes
cpuid level	: 13
wp		: yes
flags		: fpu vme de pse tsc msr pae mce cx8 apic sep mtrr pge mca cmov pat pse36 clflush dts acpi mmx fxsr sse sse2 ss ht tm pbe syscall nx rdtscp lm constant_tsc arch_perfmon pebs bts nopl xtopology nonstop_tsc aperfmperf eagerfpu pni pclmulqdq dtes64 monitor ds_cpl vmx est tm2 ssse3 cx16 xtpr pdcm pcid sse4_1 sse4_2 x2apic popcnt tsc_deadline_timer aes xsave avx lahf_lm epb tpr_shadow vnmi flexpriority ept vpid xsaveopt dtherm arat pln pts
bugs		:
bogomips	: 4989.16
clflush size	: 64
cache_alignment	: 64
address sizes	: 36 bits physical, 48 bits virtual
power management:

processor	: 2
vendor_id	: GenuineIntel
cpu family	: 6
model		: 42
model name	: Intel(R) Core(TM) i5-2450M CPU @ 2.50GHz
stepping	: 7
microcode	: 0x23
cpu MHz		: 2500.000
cache size	: 3072 KB
physical id	: 0
siblings	: 4
core id		: 1
cpu cores	: 2
apicid		: 2
initial apicid	: 2
fpu		: yes
fpu_exception	: yes
cpuid level	: 13
wp		: yes
flags		: fpu vme de pse tsc msr pae mce cx8 apic sep mtrr pge mca cmov pat pse36 clflush dts acpi mmx fxsr sse sse2 ss ht tm pbe syscall nx rdtscp lm constant_tsc arch_perfmon pebs bts nopl xtopology nonstop_tsc aperfmperf eagerfpu pni pclmulqdq dtes64 monitor ds_cpl vmx est tm2 ssse3 cx16 xtpr pdcm pcid sse4_1 sse4_2 x2apic popcnt tsc_deadline_timer aes xsave avx lahf_lm epb tpr_shadow vnmi flexpriority ept vpid xsaveopt dtherm arat pln pts
bugs		:
bogomips	: 4989.16
clflush size	: 64
cache_alignment	: 64
address sizes	: 36 bits physical, 48 bits virtual
power management:

processor	: 3
vendor_id	: GenuineIntel
cpu family	: 6
model		: 42
model name	: Intel(R) Core(TM) i5-2450M CPU @ 2.50GHz
stepping	: 7
microcode	: 0x23
cpu MHz		: 2500.000
cache size	: 3072 KB
physical id	: 0
siblings	: 4
core id		: 1
cpu cores	: 2
apicid		: 3
initial apicid	: 3
fpu		: yes
fpu_exception	: yes
cpuid level	: 13
wp		: yes
flags		: fpu vme de pse tsc msr pae mce cx8 apic sep mtrr pge mca cmov pat pse36 clflush dts acpi mmx fxsr sse sse2 ss ht tm pbe syscall nx rdtscp lm constant_tsc arch_perfmon pebs bts nopl xtopology nonstop_tsc aperfmperf eagerfpu pni pclmulqdq dtes64 monitor ds_cpl vmx est tm2 ssse3 cx16 xtpr pdcm pcid sse4_1 sse4_2 x2apic popcnt tsc_deadline_timer aes xsave avx lahf_lm epb tpr_shadow vnmi flexpriority ept vpid xsaveopt dtherm arat pln pts
bugs		:
bogomips	: 4989.16
clflush size	: 64
cache_alignment	: 64
address sizes	: 36 bits physical, 48 bits virtual
power management:



Memory: 4k page, physical 5918860k(581936k free), swap 1953788k(1953788k free)

vm_info: Java HotSpot(TM) 64-Bit Server VM (25.101-b13) for linux-amd64 JRE (1.8.0_101-b13), built on Jun 22 2016 02:59:44 by "java_re" with gcc 4.3.0 20080428 (Red Hat 4.3.0-8)

time: Sat Sep 24 07:59:36 2016
elapsed time: 0 seconds (0d 0h 0m 0s)

