#
# A fatal error has been detected by the Java Runtime Environment:
#
#  SIGSEGV (0xb) at pc=0x00007f518951af0d, pid=8440, tid=0x00007f5180f38700
#
# JRE version: Java(TM) SE Runtime Environment (8.0_101-b13) (build 1.8.0_101-b13)
# Java VM: Java HotSpot(TM) 64-Bit Server VM (25.101-b13 mixed mode linux-amd64 compressed oops)
# Problematic frame:
# J 1583 C1 com.android.dx.dex.code.OutputFinisher.getAllConstants()Ljava/util/HashSet; (47 bytes) @ 0x00007f518951af0d [0x00007f518951a940+0x5cd]
#
# Failed to write core dump. Core dumps have been disabled. To enable core dumping, try "ulimit -c unlimited" before starting Java again
#
# If you would like to submit a bug report, please visit:
#   http://bugreport.java.com/bugreport/crash.jsp
#

---------------  T H R E A D  ---------------

Current thread (0x00007f519814c800):  JavaThread "pool-1-thread-1" [_thread_in_Java, id=8546, stack(0x00007f5180e38000,0x00007f5180f39000)]

siginfo: si_signo: 11 (SIGSEGV), si_code: 2 (SEGV_ACCERR), si_addr: 0x00000000d1282440

Registers:
RAX=0x00000000d1282438, RBX=0x000000010008c358, RCX=0x000000010008ca60, RDX=0x00000000000105b7
RSP=0x00007f5180f372a0, RBP=0x00007f5180f37480, RSI=0x00000000ebbd6358, RDI=0x00000000000003a0
R8 =0x0000000000000286, R9 =0x00000000c127e818, R10=0x00000000d1282438, R11=0x0000000000000287
R12=0x0000000000000000, R13=0x00000000ebbd6b38, R14=0x00000000ebbd6cfc, R15=0x00007f519814c800
RIP=0x00007f518951af0d, EFLAGS=0x0000000000010202, CSGSFS=0x0000000000000033, ERR=0x0000000000000004
  TRAPNO=0x000000000000000e

Top of Stack: (sp=0x00007f5180f372a0)
0x00007f5180f372a0:   00007f5180f37308 00007f5189007d45
0x00007f5180f372b0:   00007f5180f37330 00007f5189008040
0x00007f5180f372c0:   00000000ebbd62f8 00007f5189008040
0x00007f5180f372d0:   00007f5180f37338 00007f51890082bd
0x00007f5180f372e0:   00007f518951bd3c 00007f51890082bd
0x00007f5180f372f0:   00000000ebbd62f8 00007f5180f372f8
0x00007f5180f37300:   00007f519cc69421 00007f5180f37350
0x00007f5180f37310:   00007f519cc6a1e8 0000000000000000
0x00007f5180f37320:   00000000ebbd6328 00000000ebbd6318
0x00007f5180f37330:   00000000c127e7d8 00000000ebbd6358
0x00007f5180f37340:   00007f518951bdc4 00000000c127e7b0
0x00007f5180f37350:   00007f5180f37480 00007f518951bdfc
0x00007f5180f37360:   00007f519ca50710 00007f519814c800
0x00007f5180f37370:   00007f519c7ffe37 00007f519ca50710
0x00007f5180f37380:   00007f519814c800 0000000000000000
0x00007f5180f37390:   00007f519814c800 00007f51890082bd
0x00007f5180f373a0:   00007f5180f37400 00007f519ca506ba
0x00007f5180f373b0:   00007f519814c800 00007f519ca5069f
0x00007f5180f373c0:   00000000ebbd61a0 00000000c127e778
0x00007f5180f373d0:   00000000c0201ab0 00000000c03ec4b0
0x00007f5180f373e0:   00000000c0d2a870 00000000ebbd62d0
0x00007f5180f373f0:   00000000ebbd62f8 00000000ebbd6130
0x00007f5180f37400:   00007f5180f37480 00007f51890082bd
0x00007f5180f37410:   00007f5180f37480 00007f51890082bd
0x00007f5180f37420:   00007f5180f37480 00007f51890082bd
0x00007f5180f37430:   00000000c0d2a870 00000000c127e778
0x00007f5180f37440:   00007f5180f37440 00007f519ca506b4
0x00007f5180f37450:   00007f5180f374b0 00007f519ca586d0
0x00007f5180f37460:   0000000000000000 00007f519ca50710
0x00007f5180f37470:   00007f5180f37430 00007f5180f374b0
0x00007f5180f37480:   00007f5180f374f8 00007f51890082bd
0x00007f5180f37490:   00000000c127e778 00000000000006a0 

Instructions: (pc=0x00007f518951af0d)
0x00007f518951aeed:   6a c6 9c 51 7f 00 00 81 8f c0 01 00 00 00 01 00
0x00007f518951aefd:   00 e9 c1 00 00 00 48 bb 58 c3 08 00 01 00 00 00
0x00007f518951af0d:   8b 78 08 48 c1 e7 03 48 3b 5f 30 0f 85 8a 00 00
0x00007f518951af1d:   00 48 bf d0 6a c6 9c 51 7f 00 00 8b 58 08 48 c1 

Register to memory mapping:

RAX=0x00000000d1282438 is an unallocated location in the heap
RBX=0x000000010008c358 is pointing into metadata
RCX=0x000000010008ca60 is pointing into metadata
RDX=0x00000000000105b7 is an unknown value
RSP=0x00007f5180f372a0 is pointing into the stack for thread: 0x00007f519814c800
RBP=0x00007f5180f37480 is pointing into the stack for thread: 0x00007f519814c800
RSI=0x00000000ebbd6358 is an oop
java.util.ArrayList$Itr 
 - klass: 'java/util/ArrayList$Itr'
RDI=0x00000000000003a0 is an unknown value
R8 =0x0000000000000286 is an unknown value
R9 =0x00000000c127e818 is an oop
[Ljava.lang.Object; 
 - klass: 'java/lang/Object'[]
 - length: 1008
R10=0x00000000d1282438 is an unallocated location in the heap
R11=0x0000000000000287 is an unknown value
R12=0x0000000000000000 is an unknown value
R13=0x00000000ebbd6b38 is an oop
[Ljava.util.HashMap$Node; 
 - klass: 'java/util/HashMap$Node'[]
 - length: 128
R14=0x00000000ebbd6cfc is an unknown value
R15=0x00007f519814c800 is a thread


Stack: [0x00007f5180e38000,0x00007f5180f39000],  sp=0x00007f5180f372a0,  free space=1020k
Native frames: (J=compiled Java code, j=interpreted, Vv=VM code, C=native code)
J 1583 C1 com.android.dx.dex.code.OutputFinisher.getAllConstants()Ljava/util/HashSet; (47 bytes) @ 0x00007f518951af0d [0x00007f518951a940+0x5cd]
J 1584 C1 com.android.dx.dex.file.CodeItem.addContents(Lcom/android/dx/dex/file/DexFile;)V (174 bytes) @ 0x00007f518951bdfc [0x00007f518951ba80+0x37c]
j  com.android.dx.dex.file.MixedItemSection.prepare0()V+44
j  com.android.dx.dex.file.Section.prepare()V+5
j  com.android.dx.dex.file.DexFile.toDex0(ZZ)Lcom/android/dx/util/ByteArrayAnnotatedOutput;+18
j  com.android.dx.dex.file.DexFile.toDex(Ljava/io/Writer;Z)[B+13
j  com.android.dx.command.dexer.Main.writeDex(Lcom/android/dx/dex/file/DexFile;)[B+44
j  com.android.dx.command.dexer.Main.access$3000(Lcom/android/dx/dex/file/DexFile;)[B+1
j  com.android.dx.command.dexer.Main$DexWriter.call()[B+4
j  com.android.dx.command.dexer.Main$DexWriter.call()Ljava/lang/Object;+1
j  java.util.concurrent.FutureTask.run()V+42
j  java.util.concurrent.ThreadPoolExecutor.runWorker(Ljava/util/concurrent/ThreadPoolExecutor$Worker;)V+95
j  java.util.concurrent.ThreadPoolExecutor$Worker.run()V+5
j  java.lang.Thread.run()V+11
v  ~StubRoutines::call_stub
V  [libjvm.so+0x68f6b6]  JavaCalls::call_helper(JavaValue*, methodHandle*, JavaCallArguments*, Thread*)+0x1056
V  [libjvm.so+0x68fbc1]  JavaCalls::call_virtual(JavaValue*, KlassHandle, Symbol*, Symbol*, JavaCallArguments*, Thread*)+0x321
V  [libjvm.so+0x690067]  JavaCalls::call_virtual(JavaValue*, Handle, KlassHandle, Symbol*, Symbol*, Thread*)+0x47
V  [libjvm.so+0x726fc0]  thread_entry(JavaThread*, Thread*)+0xa0
V  [libjvm.so+0xa7343f]  JavaThread::thread_main_inner()+0xdf
V  [libjvm.so+0xa7356c]  JavaThread::run()+0x11c
V  [libjvm.so+0x924698]  java_start(Thread*)+0x108
C  [libpthread.so.0+0x76fa]  start_thread+0xca


---------------  P R O C E S S  ---------------

Java Threads: ( => current thread )
=>0x00007f519814c800 JavaThread "pool-1-thread-1" [_thread_in_Java, id=8546, stack(0x00007f5180e38000,0x00007f5180f39000)]
  0x00007f51980c1000 JavaThread "Service Thread" daemon [_thread_blocked, id=8456, stack(0x00007f518113b000,0x00007f518123c000)]
  0x00007f51980be000 JavaThread "C1 CompilerThread2" daemon [_thread_blocked, id=8455, stack(0x00007f518123c000,0x00007f518133d000)]
  0x00007f51980bc800 JavaThread "C2 CompilerThread1" daemon [_thread_in_native, id=8454, stack(0x00007f518133d000,0x00007f518143e000)]
  0x00007f51980b9800 JavaThread "C2 CompilerThread0" daemon [_thread_in_native, id=8453, stack(0x00007f518143e000,0x00007f518153f000)]
  0x00007f51980b8000 JavaThread "Signal Dispatcher" daemon [_thread_blocked, id=8452, stack(0x00007f518153f000,0x00007f5181640000)]
  0x00007f5198084000 JavaThread "Finalizer" daemon [_thread_blocked, id=8451, stack(0x00007f51880f1000,0x00007f51881f2000)]
  0x00007f519807f800 JavaThread "Reference Handler" daemon [_thread_blocked, id=8450, stack(0x00007f51881f2000,0x00007f51882f3000)]
  0x00007f519800a000 JavaThread "main" [_thread_blocked, id=8444, stack(0x00007f51a09de000,0x00007f51a0adf000)]

Other Threads:
  0x00007f5198078000 VMThread [stack: 0x00007f51882f3000,0x00007f51883f4000] [id=8449]
  0x00007f51980c4000 WatcherThread [stack: 0x00007f518103a000,0x00007f518113b000] [id=8457]

VM state:not at safepoint (normal execution)

VM Mutex/Monitor currently owned by a thread: None

Heap:
 PSYoungGen      total 51712K, used 20865K [0x00000000eab00000, 0x00000000f1e00000, 0x0000000100000000)
  eden space 48128K, 35% used [0x00000000eab00000,0x00000000ebbe38e8,0x00000000eda00000)
  from space 3584K, 99% used [0x00000000eda00000,0x00000000edd7cc40,0x00000000edd80000)
  to   space 10752K, 0% used [0x00000000f1380000,0x00000000f1380000,0x00000000f1e00000)
 ParOldGen       total 62976K, used 19728K [0x00000000c0000000, 0x00000000c3d80000, 0x00000000eab00000)
  object space 62976K, 31% used [0x00000000c0000000,0x00000000c1344010,0x00000000c3d80000)
 Metaspace       used 6062K, capacity 7024K, committed 7296K, reserved 1056768K
  class space    used 599K, capacity 616K, committed 640K, reserved 1048576K

Card table byte_map: [0x00007f519d590000,0x00007f519d791000] byte_map_base: 0x00007f519cf90000

Marking Bits: (ParMarkBitMap*) 0x00007f519feb9120
 Begin Bits: [0x00007f5182000000, 0x00007f5183000000)
 End Bits:   [0x00007f5183000000, 0x00007f5184000000)

Polling page: 0x00007f51a0b04000

CodeCache: size=245760Kb used=5248Kb max_used=5248Kb free=240511Kb
 bounds [0x00007f5189000000, 0x00007f5189530000, 0x00007f5198000000]
 total_blobs=1666 nmethods=1398 adapters=182
 compilation: enabled

Compilation events (10 events):
Event: 5,656 Thread 0x00007f51980be000 1588       3       com.android.dx.dex.code.OutputFinisher::addConstants (93 bytes)
Event: 5,657 Thread 0x00007f51980be000 nmethod 1588 0x00007f518951ecd0 code [0x00007f518951ef20, 0x00007f51895200b8]
Event: 5,661 Thread 0x00007f51980be000 1589       2       com.android.dx.dex.file.DebugInfoItem::<init> (36 bytes)
Event: 5,661 Thread 0x00007f51980be000 nmethod 1589 0x00007f5189520710 code [0x00007f5189520880, 0x00007f5189520af8]
Event: 5,717 Thread 0x00007f51980be000 1591       1       com.android.dx.rop.code.ThrowingInsn::getCatches (5 bytes)
Event: 5,717 Thread 0x00007f51980be000 nmethod 1591 0x00007f5189520c10 code [0x00007f5189520d60, 0x00007f5189520e70]
Event: 5,733 Thread 0x00007f51980be000 1593 %     3       com.android.dx.dex.code.StdCatchBuilder::hasAnyCatches @ 15 (57 bytes)
Event: 5,734 Thread 0x00007f51980be000 nmethod 1593% 0x00007f5189520ed0 code [0x00007f51895210e0, 0x00007f5189521e38]
Event: 5,734 Thread 0x00007f51980be000 1594       3       com.android.dx.dex.code.StdCatchBuilder::hasAnyCatches (57 bytes)
Event: 5,735 Thread 0x00007f51980be000 nmethod 1594 0x00007f51895223d0 code [0x00007f51895225e0, 0x00007f51895232d8]

GC Heap History (10 events):
Event: 2,044 GC heap before
{Heap before GC invocations=1 (full 0):
 PSYoungGen      total 27648K, used 24064K [0x00000000eab00000, 0x00000000ec980000, 0x0000000100000000)
  eden space 24064K, 100% used [0x00000000eab00000,0x00000000ec280000,0x00000000ec280000)
  from space 3584K, 0% used [0x00000000ec600000,0x00000000ec600000,0x00000000ec980000)
  to   space 3584K, 0% used [0x00000000ec280000,0x00000000ec280000,0x00000000ec600000)
 ParOldGen       total 62976K, used 0K [0x00000000c0000000, 0x00000000c3d80000, 0x00000000eab00000)
  object space 62976K, 0% used [0x00000000c0000000,0x00000000c0000000,0x00000000c3d80000)
 Metaspace       used 5694K, capacity 6704K, committed 6784K, reserved 1056768K
  class space    used 589K, capacity 616K, committed 640K, reserved 1048576K
Event: 2,059 GC heap after
Heap after GC invocations=1 (full 0):
 PSYoungGen      total 27648K, used 3575K [0x00000000eab00000, 0x00000000ec980000, 0x0000000100000000)
  eden space 24064K, 0% used [0x00000000eab00000,0x00000000eab00000,0x00000000ec280000)
  from space 3584K, 99% used [0x00000000ec280000,0x00000000ec5fdc78,0x00000000ec600000)
  to   space 3584K, 0% used [0x00000000ec600000,0x00000000ec600000,0x00000000ec980000)
 ParOldGen       total 62976K, used 1605K [0x00000000c0000000, 0x00000000c3d80000, 0x00000000eab00000)
  object space 62976K, 2% used [0x00000000c0000000,0x00000000c0191540,0x00000000c3d80000)
 Metaspace       used 5694K, capacity 6704K, committed 6784K, reserved 1056768K
  class space    used 589K, capacity 616K, committed 640K, reserved 1048576K
}
Event: 3,089 GC heap before
{Heap before GC invocations=2 (full 0):
 PSYoungGen      total 27648K, used 27639K [0x00000000eab00000, 0x00000000ec980000, 0x0000000100000000)
  eden space 24064K, 100% used [0x00000000eab00000,0x00000000ec280000,0x00000000ec280000)
  from space 3584K, 99% used [0x00000000ec280000,0x00000000ec5fdc78,0x00000000ec600000)
  to   space 3584K, 0% used [0x00000000ec600000,0x00000000ec600000,0x00000000ec980000)
 ParOldGen       total 62976K, used 1605K [0x00000000c0000000, 0x00000000c3d80000, 0x00000000eab00000)
  object space 62976K, 2% used [0x00000000c0000000,0x00000000c0191540,0x00000000c3d80000)
 Metaspace       used 5790K, capacity 6768K, committed 7040K, reserved 1056768K
  class space    used 591K, capacity 616K, committed 640K, reserved 1048576K
Event: 3,149 GC heap after
Heap after GC invocations=2 (full 0):
 PSYoungGen      total 27648K, used 3570K [0x00000000eab00000, 0x00000000ee100000, 0x0000000100000000)
  eden space 24064K, 0% used [0x00000000eab00000,0x00000000eab00000,0x00000000ec280000)
  from space 3584K, 99% used [0x00000000ec600000,0x00000000ec97cbf8,0x00000000ec980000)
  to   space 3584K, 0% used [0x00000000ec280000,0x00000000ec280000,0x00000000ec600000)
 ParOldGen       total 62976K, used 5385K [0x00000000c0000000, 0x00000000c3d80000, 0x00000000eab00000)
  object space 62976K, 8% used [0x00000000c0000000,0x00000000c0542420,0x00000000c3d80000)
 Metaspace       used 5790K, capacity 6768K, committed 7040K, reserved 1056768K
  class space    used 591K, capacity 616K, committed 640K, reserved 1048576K
}
Event: 3,674 GC heap before
{Heap before GC invocations=3 (full 0):
 PSYoungGen      total 27648K, used 27634K [0x00000000eab00000, 0x00000000ee100000, 0x0000000100000000)
  eden space 24064K, 100% used [0x00000000eab00000,0x00000000ec280000,0x00000000ec280000)
  from space 3584K, 99% used [0x00000000ec600000,0x00000000ec97cbf8,0x00000000ec980000)
  to   space 3584K, 0% used [0x00000000ec280000,0x00000000ec280000,0x00000000ec600000)
 ParOldGen       total 62976K, used 5385K [0x00000000c0000000, 0x00000000c3d80000, 0x00000000eab00000)
  object space 62976K, 8% used [0x00000000c0000000,0x00000000c0542420,0x00000000c3d80000)
 Metaspace       used 5840K, capacity 6832K, committed 7040K, reserved 1056768K
  class space    used 593K, capacity 616K, committed 640K, reserved 1048576K
Event: 3,715 GC heap after
Heap after GC invocations=3 (full 0):
 PSYoungGen      total 27648K, used 3575K [0x00000000eab00000, 0x00000000ee100000, 0x0000000100000000)
  eden space 24064K, 0% used [0x00000000eab00000,0x00000000eab00000,0x00000000ec280000)
  from space 3584K, 99% used [0x00000000ec280000,0x00000000ec5fdd08,0x00000000ec600000)
  to   space 3584K, 0% used [0x00000000edd80000,0x00000000edd80000,0x00000000ee100000)
 ParOldGen       total 62976K, used 9001K [0x00000000c0000000, 0x00000000c3d80000, 0x00000000eab00000)
  object space 62976K, 14% used [0x00000000c0000000,0x00000000c08ca588,0x00000000c3d80000)
 Metaspace       used 5840K, capacity 6832K, committed 7040K, reserved 1056768K
  class space    used 593K, capacity 616K, committed 640K, reserved 1048576K
}
Event: 4,197 GC heap before
{Heap before GC invocations=4 (full 0):
 PSYoungGen      total 27648K, used 27639K [0x00000000eab00000, 0x00000000ee100000, 0x0000000100000000)
  eden space 24064K, 100% used [0x00000000eab00000,0x00000000ec280000,0x00000000ec280000)
  from space 3584K, 99% used [0x00000000ec280000,0x00000000ec5fdd08,0x00000000ec600000)
  to   space 3584K, 0% used [0x00000000edd80000,0x00000000edd80000,0x00000000ee100000)
 ParOldGen       total 62976K, used 9001K [0x00000000c0000000, 0x00000000c3d80000, 0x00000000eab00000)
  object space 62976K, 14% used [0x00000000c0000000,0x00000000c08ca588,0x00000000c3d80000)
 Metaspace       used 5850K, capacity 6832K, committed 7040K, reserved 1056768K
  class space    used 593K, capacity 616K, committed 640K, reserved 1048576K
Event: 4,251 GC heap after
Heap after GC invocations=4 (full 0):
 PSYoungGen      total 51712K, used 3577K [0x00000000eab00000, 0x00000000ee100000, 0x0000000100000000)
  eden space 48128K, 0% used [0x00000000eab00000,0x00000000eab00000,0x00000000eda00000)
  from space 3584K, 99% used [0x00000000edd80000,0x00000000ee0fe6e8,0x00000000ee100000)
  to   space 3584K, 0% used [0x00000000eda00000,0x00000000eda00000,0x00000000edd80000)
 ParOldGen       total 62976K, used 12532K [0x00000000c0000000, 0x00000000c3d80000, 0x00000000eab00000)
  object space 62976K, 19% used [0x00000000c0000000,0x00000000c0c3d3a0,0x00000000c3d80000)
 Metaspace       used 5850K, capacity 6832K, committed 7040K, reserved 1056768K
  class space    used 593K, capacity 616K, committed 640K, reserved 1048576K
}
Event: 5,093 GC heap before
{Heap before GC invocations=5 (full 0):
 PSYoungGen      total 51712K, used 51705K [0x00000000eab00000, 0x00000000ee100000, 0x0000000100000000)
  eden space 48128K, 100% used [0x00000000eab00000,0x00000000eda00000,0x00000000eda00000)
  from space 3584K, 99% used [0x00000000edd80000,0x00000000ee0fe6e8,0x00000000ee100000)
  to   space 3584K, 0% used [0x00000000eda00000,0x00000000eda00000,0x00000000edd80000)
 ParOldGen       total 62976K, used 12532K [0x00000000c0000000, 0x00000000c3d80000, 0x00000000eab00000)
  object space 62976K, 19% used [0x00000000c0000000,0x00000000c0c3d3a0,0x00000000c3d80000)
 Metaspace       used 5928K, capacity 6896K, committed 7040K, reserved 1056768K
  class space    used 593K, capacity 616K, committed 640K, reserved 1048576K
Event: 5,180 GC heap after
Heap after GC invocations=5 (full 0):
 PSYoungGen      total 51712K, used 3571K [0x00000000eab00000, 0x00000000f1e00000, 0x0000000100000000)
  eden space 48128K, 0% used [0x00000000eab00000,0x00000000eab00000,0x00000000eda00000)
  from space 3584K, 99% used [0x00000000eda00000,0x00000000edd7cc40,0x00000000edd80000)
  to   space 10752K, 0% used [0x00000000f1380000,0x00000000f1380000,0x00000000f1e00000)
 ParOldGen       total 62976K, used 19728K [0x00000000c0000000, 0x00000000c3d80000, 0x00000000eab00000)
  object space 62976K, 31% used [0x00000000c0000000,0x00000000c1344010,0x00000000c3d80000)
 Metaspace       used 5928K, capacity 6896K, committed 7040K, reserved 1056768K
  class space    used 593K, capacity 616K, committed 640K, reserved 1048576K
}

Deoptimization events (10 events):
Event: 3,411 Thread 0x00007f519813b800 Uncommon trap: reason=bimorphic action=maybe_recompile pc=0x00007f51892b70e8 method=java.util.HashMap.getNode(ILjava/lang/Object;)Ljava/util/HashMap$Node; @ 126
Event: 3,411 Thread 0x00007f519813b800 Uncommon trap: reason=bimorphic action=maybe_recompile pc=0x00007f51892b70e8 method=java.util.HashMap.getNode(ILjava/lang/Object;)Ljava/util/HashMap$Node; @ 126
Event: 3,598 Thread 0x00007f519813b800 Uncommon trap: reason=bimorphic action=maybe_recompile pc=0x00007f51892b70e8 method=java.util.HashMap.getNode(ILjava/lang/Object;)Ljava/util/HashMap$Node; @ 126
Event: 4,151 Thread 0x00007f5198152800 Uncommon trap: reason=null_check action=make_not_entrant pc=0x00007f51892bff2c method=com.android.dx.ssa.SsaRenamer.getLocalForNewReg(I)Lcom/android/dx/rop/code/LocalItem; @ 19
Event: 4,885 Thread 0x00007f519813b800 Uncommon trap: reason=unstable_if action=reinterpret pc=0x00007f5189393ed8 method=com.android.dx.rop.code.LocalItem.compareHandlesNulls(Lcom/android/dx/rop/cst/CstString;Lcom/android/dx/rop/cst/CstString;)I @ 14
Event: 5,467 Thread 0x00007f519814c800 Uncommon trap: reason=class_check action=maybe_recompile pc=0x00007f51893cdb68 method=java.util.Arrays.hashCode([Ljava/lang/Object;)I @ 43
Event: 5,467 Thread 0x00007f519814c800 Uncommon trap: reason=class_check action=maybe_recompile pc=0x00007f51893cdb68 method=java.util.Arrays.hashCode([Ljava/lang/Object;)I @ 43
Event: 5,468 Thread 0x00007f519814c800 Uncommon trap: reason=class_check action=maybe_recompile pc=0x00007f51893cdb68 method=java.util.Arrays.hashCode([Ljava/lang/Object;)I @ 43
Event: 5,468 Thread 0x00007f519814c800 Uncommon trap: reason=class_check action=maybe_recompile pc=0x00007f51893cdb68 method=java.util.Arrays.hashCode([Ljava/lang/Object;)I @ 43
Event: 5,468 Thread 0x00007f519814c800 Uncommon trap: reason=class_check action=maybe_recompile pc=0x00007f51893a00e8 method=java.util.Arrays.hashCode([Ljava/lang/Object;)I @ 43

Internal exceptions (6 events):
Event: 0,181 Thread 0x00007f519800a000 Exception <a 'java/lang/NoSuchMethodError': Method sun.misc.Unsafe.defineClass(Ljava/lang/String;[BII)Ljava/lang/Class; name or signature does not match> (0x00000000eab07cc0) thrown at [/HUDSON3/workspace/8-2-build-linux-amd64/jdk8u101/7261/hotspot/src/sh
Event: 0,181 Thread 0x00007f519800a000 Exception <a 'java/lang/NoSuchMethodError': Method sun.misc.Unsafe.prefetchRead(Ljava/lang/Object;J)V name or signature does not match> (0x00000000eab07fa8) thrown at [/HUDSON3/workspace/8-2-build-linux-amd64/jdk8u101/7261/hotspot/src/share/vm/prims/jni.c
Event: 2,825 Thread 0x00007f5198152800 Implicit null exception at 0x00007f5189294cdf to 0x00007f5189297051
Event: 2,829 Thread 0x00007f519814c800 Implicit null exception at 0x00007f51892d3ca2 to 0x00007f51892d3d93
Event: 4,151 Thread 0x00007f5198152800 Implicit null exception at 0x00007f51892bd2ab to 0x00007f51892bfefd
Event: 4,885 Thread 0x00007f519813b800 Implicit null exception at 0x00007f5189393d3b to 0x00007f5189393ec5

Events (10 events):
Event: 5,631 Thread 0x00007f519814c800 DEOPT PACKING pc=0x00007f518950f282 sp=0x00007f5180f37310
Event: 5,631 Thread 0x00007f519814c800 DEOPT UNPACKING pc=0x00007f5189047633 sp=0x00007f5180f37060 mode 0
Event: 5,634 Thread 0x00007f519814c800 DEOPT PACKING pc=0x00007f51895174ca sp=0x00007f5180f37290
Event: 5,634 Thread 0x00007f519814c800 DEOPT UNPACKING pc=0x00007f5189047633 sp=0x00007f5180f37048 mode 0
Event: 5,657 Thread 0x00007f519814c800 DEOPT PACKING pc=0x00007f5189513498 sp=0x00007f5180f371c0
Event: 5,657 Thread 0x00007f519814c800 DEOPT UNPACKING pc=0x00007f5189047633 sp=0x00007f5180f36f88 mode 0
Event: 5,663 loading class com/android/dx/dex/file/CatchStructs
Event: 5,663 loading class com/android/dx/dex/file/CatchStructs done
Event: 5,736 Thread 0x00007f519814c800 DEOPT PACKING pc=0x00007f5189517c44 sp=0x00007f5180f372d0
Event: 5,736 Thread 0x00007f519814c800 DEOPT UNPACKING pc=0x00007f5189047633 sp=0x00007f5180f37040 mode 0


Dynamic libraries:
00400000-00401000 r-xp 00000000 08:06 4991853                            /usr/lib/jvm/java-8-oracle/bin/java
00600000-00601000 rw-p 00000000 08:06 4991853                            /usr/lib/jvm/java-8-oracle/bin/java
020a7000-020c8000 rw-p 00000000 00:00 0                                  [heap]
c0000000-c3d80000 rw-p 00000000 00:00 0 
c3d80000-eab00000 ---p 00000000 00:00 0 
eab00000-f1e00000 rw-p 00000000 00:00 0 
f1e00000-100000000 ---p 00000000 00:00 0 
100000000-1000a0000 rw-p 00000000 00:00 0 
1000a0000-140000000 ---p 00000000 00:00 0 
7f513c000000-7f513c027000 rw-p 00000000 00:00 0 
7f513c027000-7f5140000000 ---p 00000000 00:00 0 
7f5140000000-7f5140021000 rw-p 00000000 00:00 0 
7f5140021000-7f5144000000 ---p 00000000 00:00 0 
7f5144000000-7f51442b7000 rw-p 00000000 00:00 0 
7f51442b7000-7f5148000000 ---p 00000000 00:00 0 
7f5148000000-7f5148021000 rw-p 00000000 00:00 0 
7f5148021000-7f514c000000 ---p 00000000 00:00 0 
7f514c000000-7f514c021000 rw-p 00000000 00:00 0 
7f514c021000-7f5150000000 ---p 00000000 00:00 0 
7f5150000000-7f5150043000 rw-p 00000000 00:00 0 
7f5150043000-7f5154000000 ---p 00000000 00:00 0 
7f5154000000-7f51546bf000 rw-p 00000000 00:00 0 
7f51546bf000-7f5158000000 ---p 00000000 00:00 0 
7f5158000000-7f5158021000 rw-p 00000000 00:00 0 
7f5158021000-7f515c000000 ---p 00000000 00:00 0 
7f515c000000-7f515c75b000 rw-p 00000000 00:00 0 
7f515c75b000-7f5160000000 ---p 00000000 00:00 0 
7f5160000000-7f5160579000 rw-p 00000000 00:00 0 
7f5160579000-7f5164000000 ---p 00000000 00:00 0 
7f5164000000-7f5164021000 rw-p 00000000 00:00 0 
7f5164021000-7f5168000000 ---p 00000000 00:00 0 
7f5168000000-7f5168021000 rw-p 00000000 00:00 0 
7f5168021000-7f516c000000 ---p 00000000 00:00 0 
7f516c000000-7f516c021000 rw-p 00000000 00:00 0 
7f516c021000-7f5170000000 ---p 00000000 00:00 0 
7f5170000000-7f5170021000 rw-p 00000000 00:00 0 
7f5170021000-7f5174000000 ---p 00000000 00:00 0 
7f5174000000-7f5174021000 rw-p 00000000 00:00 0 
7f5174021000-7f5178000000 ---p 00000000 00:00 0 
7f5178000000-7f5178021000 rw-p 00000000 00:00 0 
7f5178021000-7f517c000000 ---p 00000000 00:00 0 
7f517c000000-7f517c021000 rw-p 00000000 00:00 0 
7f517c021000-7f5180000000 ---p 00000000 00:00 0 
7f5180b35000-7f5180b38000 ---p 00000000 00:00 0 
7f5180b38000-7f5180c36000 rw-p 00000000 00:00 0 
7f5180c36000-7f5180c39000 ---p 00000000 00:00 0 
7f5180c39000-7f5180d37000 rw-p 00000000 00:00 0 
7f5180d37000-7f5180d3a000 ---p 00000000 00:00 0 
7f5180d3a000-7f5180e38000 rw-p 00000000 00:00 0 
7f5180e38000-7f5180e3b000 ---p 00000000 00:00 0 
7f5180e3b000-7f5180f39000 rw-p 00000000 00:00 0 
7f5180f39000-7f5180f3c000 ---p 00000000 00:00 0 
7f5180f3c000-7f518103a000 rw-p 00000000 00:00 0 
7f518103a000-7f518103b000 ---p 00000000 00:00 0 
7f518103b000-7f518113b000 rw-p 00000000 00:00 0 
7f518113b000-7f518113e000 ---p 00000000 00:00 0 
7f518113e000-7f518123c000 rw-p 00000000 00:00 0 
7f518123c000-7f518123f000 ---p 00000000 00:00 0 
7f518123f000-7f518133d000 rw-p 00000000 00:00 0 
7f518133d000-7f5181340000 ---p 00000000 00:00 0 
7f5181340000-7f518143e000 rw-p 00000000 00:00 0 
7f518143e000-7f5181441000 ---p 00000000 00:00 0 
7f5181441000-7f518153f000 rw-p 00000000 00:00 0 
7f518153f000-7f5181542000 ---p 00000000 00:00 0 
7f5181542000-7f5181640000 rw-p 00000000 00:00 0 
7f5181640000-7f5182000000 r--p 00000000 08:06 2628587                    /usr/lib/locale/locale-archive
7f5182000000-7f5184000000 rw-p 00000000 00:00 0 
7f5184000000-7f5184021000 rw-p 00000000 00:00 0 
7f5184021000-7f5188000000 ---p 00000000 00:00 0 
7f51880f1000-7f51880f4000 ---p 00000000 00:00 0 
7f51880f4000-7f51881f2000 rw-p 00000000 00:00 0 
7f51881f2000-7f51881f5000 ---p 00000000 00:00 0 
7f51881f5000-7f51882f3000 rw-p 00000000 00:00 0 
7f51882f3000-7f51882f4000 ---p 00000000 00:00 0 
7f51882f4000-7f5189000000 rw-p 00000000 00:00 0 
7f5189000000-7f5189530000 rwxp 00000000 00:00 0 
7f5189530000-7f5198000000 ---p 00000000 00:00 0 
7f5198000000-7f519839a000 rw-p 00000000 00:00 0 
7f519839a000-7f519c000000 ---p 00000000 00:00 0 
7f519c031000-7f519c03f000 r--s 000e0000 08:06 9570111                    /home/nur/Android/Sdk/build-tools/24.0.2/lib/dx.jar
7f519c03f000-7f519c3e7000 rw-p 00000000 00:00 0 
7f519c3e7000-7f519c5c0000 r--s 03d29000 08:06 5119781                    /usr/lib/jvm/java-8-oracle/jre/lib/rt.jar
7f519c5c0000-7f519ccb6000 rw-p 00000000 00:00 0 
7f519ccb6000-7f519ce36000 ---p 00000000 00:00 0 
7f519ce36000-7f519d036000 rw-p 00000000 00:00 0 
7f519d036000-7f519d037000 ---p 00000000 00:00 0 
7f519d037000-7f519d137000 rw-p 00000000 00:00 0 
7f519d137000-7f519d138000 ---p 00000000 00:00 0 
7f519d138000-7f519d238000 rw-p 00000000 00:00 0 
7f519d238000-7f519d239000 ---p 00000000 00:00 0 
7f519d239000-7f519d339000 rw-p 00000000 00:00 0 
7f519d339000-7f519d33a000 ---p 00000000 00:00 0 
7f519d33a000-7f519d459000 rw-p 00000000 00:00 0 
7f519d459000-7f519d590000 ---p 00000000 00:00 0 
7f519d590000-7f519d5af000 rw-p 00000000 00:00 0 
7f519d5af000-7f519d6e5000 ---p 00000000 00:00 0 
7f519d6e5000-7f519d71f000 rw-p 00000000 00:00 0 
7f519d71f000-7f519d790000 ---p 00000000 00:00 0 
7f519d790000-7f519d7a6000 rw-p 00000000 00:00 0 
7f519d7a6000-7f519db51000 ---p 00000000 00:00 0 
7f519db51000-7f519db6b000 r-xp 00000000 08:06 7213491                    /usr/lib/jvm/java-8-oracle/jre/lib/amd64/libzip.so
7f519db6b000-7f519dd6b000 ---p 0001a000 08:06 7213491                    /usr/lib/jvm/java-8-oracle/jre/lib/amd64/libzip.so
7f519dd6b000-7f519dd6c000 rw-p 0001a000 08:06 7213491                    /usr/lib/jvm/java-8-oracle/jre/lib/amd64/libzip.so
7f519dd6c000-7f519dd77000 r-xp 00000000 08:06 791069                     /lib/x86_64-linux-gnu/libnss_files-2.23.so
7f519dd77000-7f519df76000 ---p 0000b000 08:06 791069                     /lib/x86_64-linux-gnu/libnss_files-2.23.so
7f519df76000-7f519df77000 r--p 0000a000 08:06 791069                     /lib/x86_64-linux-gnu/libnss_files-2.23.so
7f519df77000-7f519df78000 rw-p 0000b000 08:06 791069                     /lib/x86_64-linux-gnu/libnss_files-2.23.so
7f519df78000-7f519df7e000 rw-p 00000000 00:00 0 
7f519df7e000-7f519df89000 r-xp 00000000 08:06 791079                     /lib/x86_64-linux-gnu/libnss_nis-2.23.so
7f519df89000-7f519e188000 ---p 0000b000 08:06 791079                     /lib/x86_64-linux-gnu/libnss_nis-2.23.so
7f519e188000-7f519e189000 r--p 0000a000 08:06 791079                     /lib/x86_64-linux-gnu/libnss_nis-2.23.so
7f519e189000-7f519e18a000 rw-p 0000b000 08:06 791079                     /lib/x86_64-linux-gnu/libnss_nis-2.23.so
7f519e18a000-7f519e1a0000 r-xp 00000000 08:06 791063                     /lib/x86_64-linux-gnu/libnsl-2.23.so
7f519e1a0000-7f519e39f000 ---p 00016000 08:06 791063                     /lib/x86_64-linux-gnu/libnsl-2.23.so
7f519e39f000-7f519e3a0000 r--p 00015000 08:06 791063                     /lib/x86_64-linux-gnu/libnsl-2.23.so
7f519e3a0000-7f519e3a1000 rw-p 00016000 08:06 791063                     /lib/x86_64-linux-gnu/libnsl-2.23.so
7f519e3a1000-7f519e3a3000 rw-p 00000000 00:00 0 
7f519e3a3000-7f519e3ab000 r-xp 00000000 08:06 791065                     /lib/x86_64-linux-gnu/libnss_compat-2.23.so
7f519e3ab000-7f519e5aa000 ---p 00008000 08:06 791065                     /lib/x86_64-linux-gnu/libnss_compat-2.23.so
7f519e5aa000-7f519e5ab000 r--p 00007000 08:06 791065                     /lib/x86_64-linux-gnu/libnss_compat-2.23.so
7f519e5ab000-7f519e5ac000 rw-p 00008000 08:06 791065                     /lib/x86_64-linux-gnu/libnss_compat-2.23.so
7f519e5ac000-7f519e5d6000 r-xp 00000000 08:06 7213517                    /usr/lib/jvm/java-8-oracle/jre/lib/amd64/libjava.so
7f519e5d6000-7f519e7d6000 ---p 0002a000 08:06 7213517                    /usr/lib/jvm/java-8-oracle/jre/lib/amd64/libjava.so
7f519e7d6000-7f519e7d8000 rw-p 0002a000 08:06 7213517                    /usr/lib/jvm/java-8-oracle/jre/lib/amd64/libjava.so
7f519e7d8000-7f519e7e5000 r-xp 00000000 08:06 7213471                    /usr/lib/jvm/java-8-oracle/jre/lib/amd64/libverify.so
7f519e7e5000-7f519e9e5000 ---p 0000d000 08:06 7213471                    /usr/lib/jvm/java-8-oracle/jre/lib/amd64/libverify.so
7f519e9e5000-7f519e9e7000 rw-p 0000d000 08:06 7213471                    /usr/lib/jvm/java-8-oracle/jre/lib/amd64/libverify.so
7f519e9e7000-7f519e9ee000 r-xp 00000000 08:06 791124                     /lib/x86_64-linux-gnu/librt-2.23.so
7f519e9ee000-7f519ebed000 ---p 00007000 08:06 791124                     /lib/x86_64-linux-gnu/librt-2.23.so
7f519ebed000-7f519ebee000 r--p 00006000 08:06 791124                     /lib/x86_64-linux-gnu/librt-2.23.so
7f519ebee000-7f519ebef000 rw-p 00007000 08:06 791124                     /lib/x86_64-linux-gnu/librt-2.23.so
7f519ebef000-7f519ecf7000 r-xp 00000000 08:06 791040                     /lib/x86_64-linux-gnu/libm-2.23.so
7f519ecf7000-7f519eef6000 ---p 00108000 08:06 791040                     /lib/x86_64-linux-gnu/libm-2.23.so
7f519eef6000-7f519eef7000 r--p 00107000 08:06 791040                     /lib/x86_64-linux-gnu/libm-2.23.so
7f519eef7000-7f519eef8000 rw-p 00108000 08:06 791040                     /lib/x86_64-linux-gnu/libm-2.23.so
7f519eef8000-7f519fbc3000 r-xp 00000000 08:06 7344163                    /usr/lib/jvm/java-8-oracle/jre/lib/amd64/server/libjvm.so
7f519fbc3000-7f519fdc2000 ---p 00ccb000 08:06 7344163                    /usr/lib/jvm/java-8-oracle/jre/lib/amd64/server/libjvm.so
7f519fdc2000-7f519fe9b000 rw-p 00cca000 08:06 7344163                    /usr/lib/jvm/java-8-oracle/jre/lib/amd64/server/libjvm.so
7f519fe9b000-7f519fee6000 rw-p 00000000 00:00 0 
7f519fee6000-7f51a00a6000 r-xp 00000000 08:06 790970                     /lib/x86_64-linux-gnu/libc-2.23.so
7f51a00a6000-7f51a02a5000 ---p 001c0000 08:06 790970                     /lib/x86_64-linux-gnu/libc-2.23.so
7f51a02a5000-7f51a02a9000 r--p 001bf000 08:06 790970                     /lib/x86_64-linux-gnu/libc-2.23.so
7f51a02a9000-7f51a02ab000 rw-p 001c3000 08:06 790970                     /lib/x86_64-linux-gnu/libc-2.23.so
7f51a02ab000-7f51a02af000 rw-p 00000000 00:00 0 
7f51a02af000-7f51a02b2000 r-xp 00000000 08:06 790994                     /lib/x86_64-linux-gnu/libdl-2.23.so
7f51a02b2000-7f51a04b1000 ---p 00003000 08:06 790994                     /lib/x86_64-linux-gnu/libdl-2.23.so
7f51a04b1000-7f51a04b2000 r--p 00002000 08:06 790994                     /lib/x86_64-linux-gnu/libdl-2.23.so
7f51a04b2000-7f51a04b3000 rw-p 00003000 08:06 790994                     /lib/x86_64-linux-gnu/libdl-2.23.so
7f51a04b3000-7f51a04c8000 r-xp 00000000 08:06 9183342                    /usr/lib/jvm/java-8-oracle/lib/amd64/jli/libjli.so
7f51a04c8000-7f51a06c8000 ---p 00015000 08:06 9183342                    /usr/lib/jvm/java-8-oracle/lib/amd64/jli/libjli.so
7f51a06c8000-7f51a06c9000 rw-p 00015000 08:06 9183342                    /usr/lib/jvm/java-8-oracle/lib/amd64/jli/libjli.so
7f51a06c9000-7f51a06e1000 r-xp 00000000 08:06 791116                     /lib/x86_64-linux-gnu/libpthread-2.23.so
7f51a06e1000-7f51a08e0000 ---p 00018000 08:06 791116                     /lib/x86_64-linux-gnu/libpthread-2.23.so
7f51a08e0000-7f51a08e1000 r--p 00017000 08:06 791116                     /lib/x86_64-linux-gnu/libpthread-2.23.so
7f51a08e1000-7f51a08e2000 rw-p 00018000 08:06 791116                     /lib/x86_64-linux-gnu/libpthread-2.23.so
7f51a08e2000-7f51a08e6000 rw-p 00000000 00:00 0 
7f51a08e6000-7f51a090c000 r-xp 00000000 08:06 790942                     /lib/x86_64-linux-gnu/ld-2.23.so
7f51a090c000-7f51a09de000 rw-p 00000000 00:00 0 
7f51a09de000-7f51a09e1000 ---p 00000000 00:00 0 
7f51a09e1000-7f51a0ae3000 rw-p 00000000 00:00 0 
7f51a0ae7000-7f51a0afb000 rw-p 00000000 00:00 0 
7f51a0afb000-7f51a0b03000 rw-s 00000000 08:06 5646931                    /tmp/hsperfdata_nur/8440
7f51a0b03000-7f51a0b04000 rw-p 00000000 00:00 0 
7f51a0b04000-7f51a0b05000 r--p 00000000 00:00 0 
7f51a0b05000-7f51a0b07000 rw-p 00000000 00:00 0 
7f51a0b07000-7f51a0b09000 r--p 00000000 00:00 0                          [vvar]
7f51a0b09000-7f51a0b0b000 r-xp 00000000 00:00 0                          [vdso]
7f51a0b0b000-7f51a0b0c000 r--p 00025000 08:06 790942                     /lib/x86_64-linux-gnu/ld-2.23.so
7f51a0b0c000-7f51a0b0d000 rw-p 00026000 08:06 790942                     /lib/x86_64-linux-gnu/ld-2.23.so
7f51a0b0d000-7f51a0b0e000 rw-p 00000000 00:00 0 
7fffe61b1000-7fffe61d3000 rw-p 00000000 00:00 0                          [stack]
ffffffffff600000-ffffffffff601000 r-xp 00000000 00:00 0                  [vsyscall]

VM Arguments:
jvm_args: -Djava.awt.headless=true -Xmx1024M -Dfile.encoding=UTF-8 -Duser.country=US -Duser.language=en -Duser.variant 
java_command: com.android.dx.command.Main --dex --force-jumbo --num-threads=4 --multi-dex --output /home/nur/AndroidStudioProjects/TaskTwo/app/build/intermediates/transforms/dex/debug/folders/1000/10/com.android.support-design-24.2.0_7970edf1c91482f146a9e32388f49fc8a08865d3 /home/nur/AndroidStudioProjects/TaskTwo/app/build/intermediates/exploded-aar/com.android.support/design/24.2.0/jars/classes.jar
java_class_path (initial): /home/nur/Android/Sdk/build-tools/24.0.2/lib/dx.jar
Launcher Type: SUN_STANDARD

Environment Variables:
PATH=/usr/local/heroku/bin:/usr/local/sbin:/usr/local/bin:/usr/sbin:/usr/bin:/sbin:/bin:/usr/games:/usr/local/games:/snap/bin
LD_LIBRARY_PATH=/home/nur/android-studio/bin:
SHELL=/bin/bash
DISPLAY=:0

Signal Handlers:
SIGSEGV: [libjvm.so+0xac4790], sa_mask[0]=11111111011111111101111111111110, sa_flags=SA_RESTART|SA_SIGINFO
SIGBUS: [libjvm.so+0xac4790], sa_mask[0]=11111111011111111101111111111110, sa_flags=SA_RESTART|SA_SIGINFO
SIGFPE: [libjvm.so+0x91f140], sa_mask[0]=11111111011111111101111111111110, sa_flags=SA_RESTART|SA_SIGINFO
SIGPIPE: [libjvm.so+0x91f140], sa_mask[0]=11111111011111111101111111111110, sa_flags=SA_RESTART|SA_SIGINFO
SIGXFSZ: [libjvm.so+0x91f140], sa_mask[0]=11111111011111111101111111111110, sa_flags=SA_RESTART|SA_SIGINFO
SIGILL: [libjvm.so+0x91f140], sa_mask[0]=11111111011111111101111111111110, sa_flags=SA_RESTART|SA_SIGINFO
SIGUSR1: SIG_DFL, sa_mask[0]=00000000000000000000000000000000, sa_flags=none
SIGUSR2: [libjvm.so+0x920770], sa_mask[0]=00100000000000000000000000000000, sa_flags=SA_RESTART|SA_SIGINFO
SIGHUP: [libjvm.so+0x921b70], sa_mask[0]=11111111011111111101111111111110, sa_flags=SA_RESTART|SA_SIGINFO
SIGINT: [libjvm.so+0x921b70], sa_mask[0]=11111111011111111101111111111110, sa_flags=SA_RESTART|SA_SIGINFO
SIGTERM: [libjvm.so+0x921b70], sa_mask[0]=11111111011111111101111111111110, sa_flags=SA_RESTART|SA_SIGINFO
SIGQUIT: [libjvm.so+0x921b70], sa_mask[0]=11111111011111111101111111111110, sa_flags=SA_RESTART|SA_SIGINFO


---------------  S Y S T E M  ---------------

OS:DISTRIB_ID=Ubuntu
DISTRIB_RELEASE=16.04
DISTRIB_CODENAME=xenial
DISTRIB_DESCRIPTION="Ubuntu 16.04.1 LTS"

uname:Linux 4.4.0-38-generic #57-Ubuntu SMP Tue Sep 6 15:42:33 UTC 2016 x86_64
libc:glibc 2.23 NPTL 2.23 
rlimit: STACK 8192k, CORE 0k, NPROC 22972, NOFILE 65536, AS infinity
load average:6,10 1,99 1,22

/proc/meminfo:
MemTotal:        5918860 kB
MemFree:          459840 kB
MemAvailable:    2198332 kB
Buffers:          402304 kB
Cached:          1359140 kB
SwapCached:          804 kB
Active:          3967904 kB
Inactive:         990148 kB
Active(anon):    2989636 kB
Inactive(anon):   245488 kB
Active(file):     978268 kB
Inactive(file):   744660 kB
Unevictable:          32 kB
Mlocked:              32 kB
SwapTotal:       1953788 kB
SwapFree:        1952932 kB
Dirty:             13840 kB
Writeback:             0 kB
AnonPages:       3195832 kB
Mapped:           346400 kB
Shmem:             38520 kB
Slab:             350500 kB
SReclaimable:     311832 kB
SUnreclaim:        38668 kB
KernelStack:       10880 kB
PageTables:        37784 kB
NFS_Unstable:          0 kB
Bounce:                0 kB
WritebackTmp:          0 kB
CommitLimit:     4913216 kB
Committed_AS:    7078856 kB
VmallocTotal:   34359738367 kB
VmallocUsed:           0 kB
VmallocChunk:          0 kB
HardwareCorrupted:     0 kB
AnonHugePages:   1957888 kB
CmaTotal:              0 kB
CmaFree:               0 kB
HugePages_Total:       0
HugePages_Free:        0
HugePages_Rsvd:        0
HugePages_Surp:        0
Hugepagesize:       2048 kB
DirectMap4k:      222800 kB
DirectMap2M:     5875712 kB


CPU:total 4 (2 cores per cpu, 2 threads per core) family 6 model 42 stepping 7, cmov, cx8, fxsr, mmx, sse, sse2, sse3, ssse3, sse4.1, sse4.2, popcnt, avx, aes, clmul, ht, tsc, tscinvbit

/proc/cpuinfo:
processor	: 0
vendor_id	: GenuineIntel
cpu family	: 6
model		: 42
model name	: Intel(R) Core(TM) i5-2450M CPU @ 2.50GHz
stepping	: 7
microcode	: 0x23
cpu MHz		: 2499.902
cache size	: 3072 KB
physical id	: 0
siblings	: 4
core id		: 0
cpu cores	: 2
apicid		: 0
initial apicid	: 0
fpu		: yes
fpu_exception	: yes
cpuid level	: 13
wp		: yes
flags		: fpu vme de pse tsc msr pae mce cx8 apic sep mtrr pge mca cmov pat pse36 clflush dts acpi mmx fxsr sse sse2 ss ht tm pbe syscall nx rdtscp lm constant_tsc arch_perfmon pebs bts nopl xtopology nonstop_tsc aperfmperf eagerfpu pni pclmulqdq dtes64 monitor ds_cpl vmx est tm2 ssse3 cx16 xtpr pdcm pcid sse4_1 sse4_2 x2apic popcnt tsc_deadline_timer aes xsave avx lahf_lm epb tpr_shadow vnmi flexpriority ept vpid xsaveopt dtherm ida arat pln pts
bugs		:
bogomips	: 4989.16
clflush size	: 64
cache_alignment	: 64
address sizes	: 36 bits physical, 48 bits virtual
power management:

processor	: 1
vendor_id	: GenuineIntel
cpu family	: 6
model		: 42
model name	: Intel(R) Core(TM) i5-2450M CPU @ 2.50GHz
stepping	: 7
microcode	: 0x23
cpu MHz		: 2499.902
cache size	: 3072 KB
physical id	: 0
siblings	: 4
core id		: 0
cpu cores	: 2
apicid		: 1
initial apicid	: 1
fpu		: yes
fpu_exception	: yes
cpuid level	: 13
wp		: yes
flags		: fpu vme de pse tsc msr pae mce cx8 apic sep mtrr pge mca cmov pat pse36 clflush dts acpi mmx fxsr sse sse2 ss ht tm pbe syscall nx rdtscp lm constant_tsc arch_perfmon pebs bts nopl xtopology nonstop_tsc aperfmperf eagerfpu pni pclmulqdq dtes64 monitor ds_cpl vmx est tm2 ssse3 cx16 xtpr pdcm pcid sse4_1 sse4_2 x2apic popcnt tsc_deadline_timer aes xsave avx lahf_lm epb tpr_shadow vnmi flexpriority ept vpid xsaveopt dtherm arat pln pts
bugs		:
bogomips	: 4989.16
clflush size	: 64
cache_alignment	: 64
address sizes	: 36 bits physical, 48 bits virtual
power management:

processor	: 2
vendor_id	: GenuineIntel
cpu family	: 6
model		: 42
model name	: Intel(R) Core(TM) i5-2450M CPU @ 2.50GHz
stepping	: 7
microcode	: 0x23
cpu MHz		: 2499.902
cache size	: 3072 KB
physical id	: 0
siblings	: 4
core id		: 1
cpu cores	: 2
apicid		: 2
initial apicid	: 2
fpu		: yes
fpu_exception	: yes
cpuid level	: 13
wp		: yes
flags		: fpu vme de pse tsc msr pae mce cx8 apic sep mtrr pge mca cmov pat pse36 clflush dts acpi mmx fxsr sse sse2 ss ht tm pbe syscall nx rdtscp lm constant_tsc arch_perfmon pebs bts nopl xtopology nonstop_tsc aperfmperf eagerfpu pni pclmulqdq dtes64 monitor ds_cpl vmx est tm2 ssse3 cx16 xtpr pdcm pcid sse4_1 sse4_2 x2apic popcnt tsc_deadline_timer aes xsave avx lahf_lm epb tpr_shadow vnmi flexpriority ept vpid xsaveopt dtherm arat pln pts
bugs		:
bogomips	: 4989.16
clflush size	: 64
cache_alignment	: 64
address sizes	: 36 bits physical, 48 bits virtual
power management:

processor	: 3
vendor_id	: GenuineIntel
cpu family	: 6
model		: 42
model name	: Intel(R) Core(TM) i5-2450M CPU @ 2.50GHz
stepping	: 7
microcode	: 0x23
cpu MHz		: 2499.902
cache size	: 3072 KB
physical id	: 0
siblings	: 4
core id		: 1
cpu cores	: 2
apicid		: 3
initial apicid	: 3
fpu		: yes
fpu_exception	: yes
cpuid level	: 13
wp		: yes
flags		: fpu vme de pse tsc msr pae mce cx8 apic sep mtrr pge mca cmov pat pse36 clflush dts acpi mmx fxsr sse sse2 ss ht tm pbe syscall nx rdtscp lm constant_tsc arch_perfmon pebs bts nopl xtopology nonstop_tsc aperfmperf eagerfpu pni pclmulqdq dtes64 monitor ds_cpl vmx est tm2 ssse3 cx16 xtpr pdcm pcid sse4_1 sse4_2 x2apic popcnt tsc_deadline_timer aes xsave avx lahf_lm epb tpr_shadow vnmi flexpriority ept vpid xsaveopt dtherm arat pln pts
bugs		:
bogomips	: 4989.16
clflush size	: 64
cache_alignment	: 64
address sizes	: 36 bits physical, 48 bits virtual
power management:



Memory: 4k page, physical 5918860k(459840k free), swap 1953788k(1952932k free)

vm_info: Java HotSpot(TM) 64-Bit Server VM (25.101-b13) for linux-amd64 JRE (1.8.0_101-b13), built on Jun 22 2016 02:59:44 by "java_re" with gcc 4.3.0 20080428 (Red Hat 4.3.0-8)

time: Sat Sep 24 08:04:54 2016
elapsed time: 5 seconds (0d 0h 0m 5s)

