#
# A fatal error has been detected by the Java Runtime Environment:
#
#  SIGSEGV (0xb) at pc=0x00007f474708a5a3, pid=14937, tid=0x00007f4744c3f700
#
# JRE version: Java(TM) SE Runtime Environment (8.0_101-b13) (build 1.8.0_101-b13)
# Java VM: Java HotSpot(TM) 64-Bit Server VM (25.101-b13 mixed mode linux-amd64 compressed oops)
# Problematic frame:
# V  [libjvm.so+0x98c5a3]  oopDesc* PSPromotionManager::copy_to_survivor_space<false>(oopDesc*)+0x143
#
# Failed to write core dump. Core dumps have been disabled. To enable core dumping, try "ulimit -c unlimited" before starting Java again
#
# If you would like to submit a bug report, please visit:
#   http://bugreport.java.com/bugreport/crash.jsp
#

---------------  T H R E A D  ---------------

Current thread (0x00007f474001f000):  GCTaskThread [stack: 0x00007f4744b3f000,0x00007f4744c40000] [id=14942]

siginfo: si_signo: 11 (SIGSEGV), si_code: 1 (SEGV_MAPERR), si_addr: 0x0000000180011798

Registers:
RAX=0x00007f474768bb90, RBX=0x00000000c110ca8c, RCX=0x0000000000000003, RDX=0x0000000000000001
RSP=0x00007f4744c3ebb0, RBP=0x00007f4744c3ec20, RSI=0x00000000ec67f238, RDI=0x0000000180011790
R8 =0x00000000c110ca78, R9 =0x00007f47476bf290, R10=0x00007f47476b0059, R11=0x00007f4744c3eb60
R12=0x00000000ec67f238, R13=0x0000000000000001, R14=0x0000000000000000, R15=0x00007f4740075068
RIP=0x00007f474708a5a3, EFLAGS=0x0000000000010206, CSGSFS=0x0000000000000033, ERR=0x0000000000000004
  TRAPNO=0x000000000000000e

Top of Stack: (sp=0x00007f4744c3ebb0)
0x00007f4744c3ebb0:   00007f4744c3ec20 00007f47476b0059
0x00007f4744c3ebc0:   00007f4740075028 00007f4740075000
0x00007f4744c3ebd0:   00000000c110b5c8 0000000000000400
0x00007f4744c3ebe0:   00000000ec1bba62 00007f4740075060
0x00007f4744c3ebf0:   00007f4740017ce0 00000000c110ca8c
0x00007f4744c3ec00:   00007f4740075000 00007f474768bb80
0x00007f4744c3ec10:   0000000000000000 00007f4740075068
0x00007f4744c3ec20:   00007f4744c3ed10 00007f4747089e28
0x00007f4744c3ec30:   00007f4744c3ec90 00007f4744c3eca0
0x00007f4744c3ec40:   00007f4744c3ecb0 00007f4744c3ec70
0x00007f4744c3ec50:   00007f4744c3ec80 00007f4744c3ecd0
0x00007f4744c3ec60:   01000000c0bb0010 00007f4740075098
0x00007f4744c3ec70:   00000000eadb1fa0 0000000000000001
0x00007f4744c3ec80:   0000000000000001 0000000000000005
0x00007f4744c3ec90:   00007f4744c3ed10 00007f474708a9ce
0x00007f4744c3eca0:   000001f800000781 00007f4744c3ecd0
0x00007f4744c3ecb0:   00000093000001ed 00007f4740075000
0x00007f4744c3ecc0:   00000094000001ed 00007f4740075098
0x00007f4744c3ecd0:   00000000c110ca8d 0000000000000200
0x00007f4744c3ece0:   00000000c0bb0010 00000000c0fd44d4
0x00007f4744c3ecf0:   00007f474768bb80 0000000000000000
0x00007f4744c3ed00:   00007f4744c3ed30 00007f4744c3ed3c
0x00007f4744c3ed10:   00007f4744c3ed70 00007f474708dc2e
0x00007f4744c3ed20:   00007f470c0f21f0 00007f4740075000
0x00007f4744c3ed30:   00000000c0fd44d5 074d2fab46cd3e67
0x00007f4744c3ed40:   00007f4744c3ed70 00007f470c0f21f0
0x00007f4744c3ed50:   00007f474001f000 0000000000000001
0x00007f4744c3ed60:   00007f474001f9f0 00007f474724db0b
0x00007f4744c3ed70:   00007f4744c3ee80 00007f4746cd4b5f
0x00007f4744c3ed80:   0000000000000000 00007f4744c3edc0
0x00007f4744c3ed90:   00007f4744c3ee40 0000000000000000
0x00007f4744c3eda0:   00007f474001fa30 00007f474001fa40 

Instructions: (pc=0x00007f474708a5a3)
0x00007f474708a583:   83 e0 07 48 83 f8 05 75 d3 31 db eb d6 48 8b 05
0x00007f474708a593:   f1 24 5e 00 8b 7e 08 8b 48 08 48 d3 e7 48 03 38
0x00007f474708a5a3:   8b 77 08 83 fe 00 0f 8f 0a ff ff ff 0f 85 4b 02
0x00007f474708a5b3:   00 00 0f 1f 00 48 8b 07 4c 89 e6 4c 89 55 98 ff 

Register to memory mapping:

RAX=0x00007f474768bb90: <offset 0xf8db90> in /usr/lib/jvm/java-8-oracle/jre/lib/amd64/server/libjvm.so at 0x00007f47466fe000
RBX=0x00000000c110ca8c is pointing into object: 0x00000000c110ca78
java.util.ArrayList 
 - klass: 'java/util/ArrayList'
RCX=0x0000000000000003 is an unknown value
RDX=0x0000000000000001 is an unknown value
RSP=0x00007f4744c3ebb0 is an unknown value
RBP=0x00007f4744c3ec20 is an unknown value
RSI=0x00000000ec67f238 is an oop

[error occurred during error reporting (printing register info), id 0xb]

Stack: [0x00007f4744b3f000,0x00007f4744c40000],  sp=0x00007f4744c3ebb0,  free space=1022k
Native frames: (J=compiled Java code, j=interpreted, Vv=VM code, C=native code)
V  [libjvm.so+0x98c5a3]  oopDesc* PSPromotionManager::copy_to_survivor_space<false>(oopDesc*)+0x143
V  [libjvm.so+0x98be28]  PSPromotionManager::drain_stacks_depth(bool)+0x7e8
V  [libjvm.so+0x98fc2e]  StealTask::do_it(GCTaskManager*, unsigned int)+0x19e
V  [libjvm.so+0x5d6b5f]  GCTaskThread::run()+0x12f
V  [libjvm.so+0x924698]  java_start(Thread*)+0x108


---------------  P R O C E S S  ---------------

Java Threads: ( => current thread )
  0x00007f474013c800 JavaThread "pool-2-thread-4" [_thread_blocked, id=14981, stack(0x00007f472c426000,0x00007f472c527000)]
  0x00007f474013b000 JavaThread "pool-2-thread-3" [_thread_blocked, id=14979, stack(0x00007f472c527000,0x00007f472c628000)]
  0x00007f4740138800 JavaThread "pool-2-thread-2" [_thread_blocked, id=14978, stack(0x00007f472c628000,0x00007f472c729000)]
  0x00007f4740133000 JavaThread "pool-3-thread-1" [_thread_blocked, id=14977, stack(0x00007f472c729000,0x00007f472c82a000)]
  0x00007f4740130800 JavaThread "pool-2-thread-1" [_thread_blocked, id=14976, stack(0x00007f472c82a000,0x00007f472c92b000)]
  0x00007f47400c1000 JavaThread "Service Thread" daemon [_thread_blocked, id=14953, stack(0x00007f472ca2c000,0x00007f472cb2d000)]
  0x00007f47400be000 JavaThread "C1 CompilerThread2" daemon [_thread_blocked, id=14952, stack(0x00007f472cb2d000,0x00007f472cc2e000)]
  0x00007f47400bc800 JavaThread "C2 CompilerThread1" daemon [_thread_blocked, id=14951, stack(0x00007f472cc2e000,0x00007f472cd2f000)]
  0x00007f47400b9800 JavaThread "C2 CompilerThread0" daemon [_thread_blocked, id=14950, stack(0x00007f472cd2f000,0x00007f472ce30000)]
  0x00007f47400b8000 JavaThread "Signal Dispatcher" daemon [_thread_blocked, id=14949, stack(0x00007f472ce30000,0x00007f472cf31000)]
  0x00007f4740084000 JavaThread "Finalizer" daemon [_thread_blocked, id=14948, stack(0x00007f472d8f1000,0x00007f472d9f2000)]
  0x00007f474007f800 JavaThread "Reference Handler" daemon [_thread_blocked, id=14947, stack(0x00007f472d9f2000,0x00007f472daf3000)]
  0x00007f474000a000 JavaThread "main" [_thread_blocked, id=14939, stack(0x00007f47481e8000,0x00007f47482e9000)]

Other Threads:
  0x00007f4740078000 VMThread [stack: 0x00007f472daf3000,0x00007f472dbf4000] [id=14946]
  0x00007f47400c4000 WatcherThread [stack: 0x00007f472c92b000,0x00007f472ca2c000] [id=14954]

=>0x00007f474001f000 (exited) GCTaskThread [stack: 0x00007f4744b3f000,0x00007f4744c40000] [id=14942]

VM state:at safepoint (normal execution)

VM Mutex/Monitor currently owned by a thread:  ([mutex/lock_event])
[0x00007f4740006510] Threads_lock - owner thread: 0x00007f4740078000
[0x00007f4740006a10] Heap_lock - owner thread: 0x00007f4740138800

Heap:
 PSYoungGen      total 51712K, used 51703K [0x00000000eab00000, 0x00000000f1000000, 0x0000000100000000)
  eden space 48128K, 100% used [0x00000000eab00000,0x00000000eda00000,0x00000000eda00000)
  from space 3584K, 99% used [0x00000000eda00000,0x00000000edd7de40,0x00000000edd80000)
  to   space 3584K, 99% used [0x00000000f0c80000,0x00000000f0ffde40,0x00000000f1000000)
 ParOldGen       total 62976K, used 18677K [0x00000000c0000000, 0x00000000c3d80000, 0x00000000eab00000)
  object space 62976K, 29% used [0x00000000c0000000,0x00000000c123d5c8,0x00000000c3d80000)
 Metaspace       used 6042K, capacity 7000K, committed 7168K, reserved 1056768K
  class space    used 610K, capacity 656K, committed 768K, reserved 1048576K

Card table byte_map: [0x00007f4744d96000,0x00007f4744f97000] byte_map_base: 0x00007f4744796000

Marking Bits: (ParMarkBitMap*) 0x00007f47476bf120
 Begin Bits: [0x00007f472f000000, 0x00007f4730000000)
 End Bits:   [0x00007f4730000000, 0x00007f4731000000)

Polling page: 0x00007f474830e000

CodeCache: size=245760Kb used=4886Kb max_used=4898Kb free=240873Kb
 bounds [0x00007f4731000000, 0x00007f47314d0000, 0x00007f4740000000]
 total_blobs=1526 nmethods=1258 adapters=182
 compilation: enabled

Compilation events (10 events):
Event: 4,384 Thread 0x00007f47400be000 nmethod 1295 0x00007f47314c4210 code [0x00007f47314c4380, 0x00007f47314c4588]
Event: 4,384 Thread 0x00007f47400be000 1449       3       com.android.dx.ssa.SsaMethod::forEachBlockDepthFirstDom (128 bytes)
Event: 4,394 Thread 0x00007f47400be000 nmethod 1449 0x00007f47314c7a10 code [0x00007f47314c7d60, 0x00007f47314c9e18]
Event: 4,394 Thread 0x00007f47400be000 1462 % !   3       com.android.dx.cf.code.Simulator::simulate @ 19 (74 bytes)
Event: 4,395 Thread 0x00007f47400be000 nmethod 1462% 0x00007f47314c15d0 code [0x00007f47314c17c0, 0x00007f47314c2118]
Event: 4,395 Thread 0x00007f47400be000 1453 %     3       com.android.dx.util.FixedSizeList::shrinkToFit @ 10 (103 bytes)
Event: 4,403 Thread 0x00007f47400bc800 nmethod 1356 0x00007f47314cb050 code [0x00007f47314cb1c0, 0x00007f47314cb518]
Event: 4,403 Thread 0x00007f47400bc800 1450       4       com.android.dx.ssa.SsaBasicBlock::getCountPhiInsns (45 bytes)
Event: 4,416 Thread 0x00007f47400bc800 nmethod 1450 0x00007f47314c5ad0 code [0x00007f47314c5c40, 0x00007f47314c5e78]
Event: 4,416 Thread 0x00007f47400bc800 1379       4       com.android.dx.util.LabeledList::addLabelIndex (43 bytes)

GC Heap History (7 events):
Event: 2,110 GC heap before
{Heap before GC invocations=1 (full 0):
 PSYoungGen      total 27648K, used 24064K [0x00000000eab00000, 0x00000000ec980000, 0x0000000100000000)
  eden space 24064K, 100% used [0x00000000eab00000,0x00000000ec280000,0x00000000ec280000)
  from space 3584K, 0% used [0x00000000ec600000,0x00000000ec600000,0x00000000ec980000)
  to   space 3584K, 0% used [0x00000000ec280000,0x00000000ec280000,0x00000000ec600000)
 ParOldGen       total 62976K, used 0K [0x00000000c0000000, 0x00000000c3d80000, 0x00000000eab00000)
  object space 62976K, 0% used [0x00000000c0000000,0x00000000c0000000,0x00000000c3d80000)
 Metaspace       used 5705K, capacity 6704K, committed 6784K, reserved 1056768K
  class space    used 588K, capacity 616K, committed 640K, reserved 1048576K
Event: 2,134 GC heap after
Heap after GC invocations=1 (full 0):
 PSYoungGen      total 27648K, used 3555K [0x00000000eab00000, 0x00000000ee100000, 0x0000000100000000)
  eden space 24064K, 0% used [0x00000000eab00000,0x00000000eab00000,0x00000000ec280000)
  from space 3584K, 99% used [0x00000000ec280000,0x00000000ec5f8f80,0x00000000ec600000)
  to   space 3584K, 0% used [0x00000000edd80000,0x00000000edd80000,0x00000000ee100000)
 ParOldGen       total 62976K, used 1778K [0x00000000c0000000, 0x00000000c3d80000, 0x00000000eab00000)
  object space 62976K, 2% used [0x00000000c0000000,0x00000000c01bc958,0x00000000c3d80000)
 Metaspace       used 5705K, capacity 6704K, committed 6784K, reserved 1056768K
  class space    used 588K, capacity 616K, committed 640K, reserved 1048576K
}
Event: 2,812 GC heap before
{Heap before GC invocations=2 (full 0):
 PSYoungGen      total 27648K, used 27619K [0x00000000eab00000, 0x00000000ee100000, 0x0000000100000000)
  eden space 24064K, 100% used [0x00000000eab00000,0x00000000ec280000,0x00000000ec280000)
  from space 3584K, 99% used [0x00000000ec280000,0x00000000ec5f8f80,0x00000000ec600000)
  to   space 3584K, 0% used [0x00000000edd80000,0x00000000edd80000,0x00000000ee100000)
 ParOldGen       total 62976K, used 1778K [0x00000000c0000000, 0x00000000c3d80000, 0x00000000eab00000)
  object space 62976K, 2% used [0x00000000c0000000,0x00000000c01bc958,0x00000000c3d80000)
 Metaspace       used 5802K, capacity 6832K, committed 7040K, reserved 1056768K
  class space    used 589K, capacity 616K, committed 640K, reserved 1048576K
Event: 2,850 GC heap after
Heap after GC invocations=2 (full 0):
 PSYoungGen      total 51712K, used 3566K [0x00000000eab00000, 0x00000000ee100000, 0x0000000100000000)
  eden space 48128K, 0% used [0x00000000eab00000,0x00000000eab00000,0x00000000eda00000)
  from space 3584K, 99% used [0x00000000edd80000,0x00000000ee0fba08,0x00000000ee100000)
  to   space 3584K, 0% used [0x00000000eda00000,0x00000000eda00000,0x00000000edd80000)
 ParOldGen       total 62976K, used 5364K [0x00000000c0000000, 0x00000000c3d80000, 0x00000000eab00000)
  object space 62976K, 8% used [0x00000000c0000000,0x00000000c053d360,0x00000000c3d80000)
 Metaspace       used 5802K, capacity 6832K, committed 7040K, reserved 1056768K
  class space    used 589K, capacity 616K, committed 640K, reserved 1048576K
}
Event: 3,780 GC heap before
{Heap before GC invocations=3 (full 0):
 PSYoungGen      total 51712K, used 51694K [0x00000000eab00000, 0x00000000ee100000, 0x0000000100000000)
  eden space 48128K, 100% used [0x00000000eab00000,0x00000000eda00000,0x00000000eda00000)
  from space 3584K, 99% used [0x00000000edd80000,0x00000000ee0fba08,0x00000000ee100000)
  to   space 3584K, 0% used [0x00000000eda00000,0x00000000eda00000,0x00000000edd80000)
 ParOldGen       total 62976K, used 5364K [0x00000000c0000000, 0x00000000c3d80000, 0x00000000eab00000)
  object space 62976K, 8% used [0x00000000c0000000,0x00000000c053d360,0x00000000c3d80000)
 Metaspace       used 5985K, capacity 6936K, committed 7168K, reserved 1056768K
  class space    used 609K, capacity 656K, committed 768K, reserved 1048576K
Event: 3,850 GC heap after
Heap after GC invocations=3 (full 0):
 PSYoungGen      total 51712K, used 3575K [0x00000000eab00000, 0x00000000f1000000, 0x0000000100000000)
  eden space 48128K, 0% used [0x00000000eab00000,0x00000000eab00000,0x00000000eda00000)
  from space 3584K, 99% used [0x00000000eda00000,0x00000000edd7de40,0x00000000edd80000)
  to   space 3584K, 0% used [0x00000000f0c80000,0x00000000f0c80000,0x00000000f1000000)
 ParOldGen       total 62976K, used 12045K [0x00000000c0000000, 0x00000000c3d80000, 0x00000000eab00000)
  object space 62976K, 19% used [0x00000000c0000000,0x00000000c0bc35c8,0x00000000c3d80000)
 Metaspace       used 5985K, capacity 6936K, committed 7168K, reserved 1056768K
  class space    used 609K, capacity 656K, committed 768K, reserved 1048576K
}
Event: 4,429 GC heap before
{Heap before GC invocations=4 (full 0):
 PSYoungGen      total 51712K, used 51703K [0x00000000eab00000, 0x00000000f1000000, 0x0000000100000000)
  eden space 48128K, 100% used [0x00000000eab00000,0x00000000eda00000,0x00000000eda00000)
  from space 3584K, 99% used [0x00000000eda00000,0x00000000edd7de40,0x00000000edd80000)
  to   space 3584K, 0% used [0x00000000f0c80000,0x00000000f0c80000,0x00000000f1000000)
 ParOldGen       total 62976K, used 12045K [0x00000000c0000000, 0x00000000c3d80000, 0x00000000eab00000)
  object space 62976K, 19% used [0x00000000c0000000,0x00000000c0bc35c8,0x00000000c3d80000)
 Metaspace       used 6042K, capacity 7000K, committed 7168K, reserved 1056768K
  class space    used 610K, capacity 656K, committed 768K, reserved 1048576K

Deoptimization events (10 events):
Event: 1,818 Thread 0x00007f474013b000 Uncommon trap: reason=unstable_if action=reinterpret pc=0x00007f47311e4070 method=java.util.HashMap.getNode(ILjava/lang/Object;)Ljava/util/HashMap$Node; @ 62
Event: 1,819 Thread 0x00007f474013b000 Uncommon trap: reason=unstable_if action=reinterpret pc=0x00007f473122d078 method=java.util.BitSet.ensureCapacity(I)V @ 6
Event: 1,835 Thread 0x00007f474013c800 Uncommon trap: reason=unstable_if action=reinterpret pc=0x00007f4731234b5c method=com.android.dx.rop.cst.Constant.compareTo(Lcom/android/dx/rop/cst/Constant;)I @ 12
Event: 2,507 Thread 0x00007f474000a000 Uncommon trap: reason=unstable_if action=reinterpret pc=0x00007f47312cb0d0 method=java.util.HashMap.getNode(ILjava/lang/Object;)Ljava/util/HashMap$Node; @ 62
Event: 2,625 Thread 0x00007f4740138800 Uncommon trap: reason=unstable_if action=reinterpret pc=0x00007f47311f2058 method=java.util.HashMap.getNode(ILjava/lang/Object;)Ljava/util/HashMap$Node; @ 62
Event: 2,695 Thread 0x00007f474013b000 Uncommon trap: reason=null_check action=make_not_entrant pc=0x00007f4731304414 method=com.android.dx.ssa.SsaRenamer.getLocalForNewReg(I)Lcom/android/dx/rop/code/LocalItem; @ 19
Event: 2,796 Thread 0x00007f4740138800 Uncommon trap: reason=null_check action=make_not_entrant pc=0x00007f47312faaa0 method=com.android.dx.rop.type.Type.equals(Ljava/lang/Object;)Z @ 8
Event: 2,857 Thread 0x00007f4740138800 Uncommon trap: reason=bimorphic action=maybe_recompile pc=0x00007f47312e5d28 method=java.util.HashMap.getNode(ILjava/lang/Object;)Ljava/util/HashMap$Node; @ 126
Event: 3,276 Thread 0x00007f474013c800 Uncommon trap: reason=unstable_if action=reinterpret pc=0x00007f47313756cc method=java.util.HashMap.putVal(ILjava/lang/Object;Ljava/lang/Object;ZZ)Ljava/lang/Object; @ 162
Event: 3,301 Thread 0x00007f4740138800 Uncommon trap: reason=unstable_if action=reinterpret pc=0x00007f47312e5d08 method=java.util.HashMap.getNode(ILjava/lang/Object;)Ljava/util/HashMap$Node; @ 84

Internal exceptions (7 events):
Event: 0,217 Thread 0x00007f474000a000 Exception <a 'java/lang/NoSuchMethodError': Method sun.misc.Unsafe.defineClass(Ljava/lang/String;[BII)Ljava/lang/Class; name or signature does not match> (0x00000000eab07cc0) thrown at [/HUDSON3/workspace/8-2-build-linux-amd64/jdk8u101/7261/hotspot/src/sh
Event: 0,217 Thread 0x00007f474000a000 Exception <a 'java/lang/NoSuchMethodError': Method sun.misc.Unsafe.prefetchRead(Ljava/lang/Object;J)V name or signature does not match> (0x00000000eab07fa8) thrown at [/HUDSON3/workspace/8-2-build-linux-amd64/jdk8u101/7261/hotspot/src/share/vm/prims/jni.c
Event: 2,695 Thread 0x00007f474013b000 Implicit null exception at 0x00007f47313019e3 to 0x00007f47313043d9
Event: 2,796 Thread 0x00007f4740138800 Implicit null exception at 0x00007f47312fa9a2 to 0x00007f47312faa93
Event: 3,278 Thread 0x00007f474013c800 Exception <a 'java/lang/ArrayIndexOutOfBoundsException': 18> (0x00000000ebe165a8) thrown at [/HUDSON3/workspace/8-2-build-linux-amd64/jdk8u101/7261/hotspot/src/share/vm/interpreter/interpreterRuntime.cpp, line 366]
Event: 3,278 Thread 0x00007f474013c800 Exception <a 'java/lang/ArrayIndexOutOfBoundsException': 145> (0x00000000ebe18128) thrown at [/HUDSON3/workspace/8-2-build-linux-amd64/jdk8u101/7261/hotspot/src/share/vm/interpreter/interpreterRuntime.cpp, line 366]
Event: 3,284 Thread 0x00007f474013c800 Exception <a 'java/lang/ArrayIndexOutOfBoundsException': 40> (0x00000000ec03d770) thrown at [/HUDSON3/workspace/8-2-build-linux-amd64/jdk8u101/7261/hotspot/src/share/vm/interpreter/interpreterRuntime.cpp, line 366]

Events (10 events):
Event: 3,861 loading class com/android/dx/rop/code/RegisterSpec$1 done
Event: 4,013 Thread 0x00007f474013c800 DEOPT PACKING pc=0x00007f473122a4b4 sp=0x00007f472c5251e0
Event: 4,013 Thread 0x00007f474013c800 DEOPT UNPACKING pc=0x00007f4731047633 sp=0x00007f472c524f30 mode 0
Event: 4,182 Thread 0x00007f474013b000 DEOPT PACKING pc=0x00007f47313bff00 sp=0x00007f472c6260b0
Event: 4,182 Thread 0x00007f474013b000 DEOPT UNPACKING pc=0x00007f4731047633 sp=0x00007f472c625f18 mode 0
Event: 4,319 Thread 0x00007f4740130800 DEOPT PACKING pc=0x00007f473122a4b4 sp=0x00007f472c928f90
Event: 4,319 Thread 0x00007f4740130800 DEOPT UNPACKING pc=0x00007f4731047633 sp=0x00007f472c928cd8 mode 0
Event: 4,370 Thread 0x00007f4740130800 DEOPT PACKING pc=0x00007f47313d3490 sp=0x00007f472c928f80
Event: 4,370 Thread 0x00007f4740130800 DEOPT UNPACKING pc=0x00007f4731047633 sp=0x00007f472c928d90 mode 0
Event: 4,423 Executing VM operation: ParallelGCFailedAllocation


Dynamic libraries:
00400000-00401000 r-xp 00000000 08:06 4991853                            /usr/lib/jvm/java-8-oracle/bin/java
00600000-00601000 rw-p 00000000 08:06 4991853                            /usr/lib/jvm/java-8-oracle/bin/java
0165e000-0167f000 rw-p 00000000 00:00 0                                  [heap]
c0000000-c3d80000 rw-p 00000000 00:00 0 
c3d80000-eab00000 ---p 00000000 00:00 0 
eab00000-f1000000 rw-p 00000000 00:00 0 
f1000000-100000000 ---p 00000000 00:00 0 
100000000-1000c0000 rw-p 00000000 00:00 0 
1000c0000-140000000 ---p 00000000 00:00 0 
7f46e0000000-7f46e0021000 rw-p 00000000 00:00 0 
7f46e0021000-7f46e4000000 ---p 00000000 00:00 0 
7f46e8000000-7f46e8021000 rw-p 00000000 00:00 0 
7f46e8021000-7f46ec000000 ---p 00000000 00:00 0 
7f46ec000000-7f46ec033000 rw-p 00000000 00:00 0 
7f46ec033000-7f46f0000000 ---p 00000000 00:00 0 
7f46f0000000-7f46f0043000 rw-p 00000000 00:00 0 
7f46f0043000-7f46f4000000 ---p 00000000 00:00 0 
7f46f4000000-7f46f4021000 rw-p 00000000 00:00 0 
7f46f4021000-7f46f8000000 ---p 00000000 00:00 0 
7f46f8000000-7f46f8021000 rw-p 00000000 00:00 0 
7f46f8021000-7f46fc000000 ---p 00000000 00:00 0 
7f46fc000000-7f46fc021000 rw-p 00000000 00:00 0 
7f46fc021000-7f4700000000 ---p 00000000 00:00 0 
7f4700000000-7f47007f7000 rw-p 00000000 00:00 0 
7f47007f7000-7f4704000000 ---p 00000000 00:00 0 
7f4704000000-7f4704806000 rw-p 00000000 00:00 0 
7f4704806000-7f4708000000 ---p 00000000 00:00 0 
7f4708000000-7f4708021000 rw-p 00000000 00:00 0 
7f4708021000-7f470c000000 ---p 00000000 00:00 0 
7f470c000000-7f470c4c5000 rw-p 00000000 00:00 0 
7f470c4c5000-7f4710000000 ---p 00000000 00:00 0 
7f4710000000-7f4710021000 rw-p 00000000 00:00 0 
7f4710021000-7f4714000000 ---p 00000000 00:00 0 
7f4714000000-7f4714021000 rw-p 00000000 00:00 0 
7f4714021000-7f4718000000 ---p 00000000 00:00 0 
7f4718000000-7f4718021000 rw-p 00000000 00:00 0 
7f4718021000-7f471c000000 ---p 00000000 00:00 0 
7f471c000000-7f471c021000 rw-p 00000000 00:00 0 
7f471c021000-7f4720000000 ---p 00000000 00:00 0 
7f4720000000-7f4720021000 rw-p 00000000 00:00 0 
7f4720021000-7f4724000000 ---p 00000000 00:00 0 
7f4724000000-7f4724021000 rw-p 00000000 00:00 0 
7f4724021000-7f4728000000 ---p 00000000 00:00 0 
7f4728000000-7f4728296000 rw-p 00000000 00:00 0 
7f4728296000-7f472c000000 ---p 00000000 00:00 0 
7f472c426000-7f472c429000 ---p 00000000 00:00 0 
7f472c429000-7f472c527000 rw-p 00000000 00:00 0 
7f472c527000-7f472c52a000 ---p 00000000 00:00 0 
7f472c52a000-7f472c628000 rw-p 00000000 00:00 0 
7f472c628000-7f472c62b000 ---p 00000000 00:00 0 
7f472c62b000-7f472c729000 rw-p 00000000 00:00 0 
7f472c729000-7f472c72c000 ---p 00000000 00:00 0 
7f472c72c000-7f472c82a000 rw-p 00000000 00:00 0 
7f472c82a000-7f472c82d000 ---p 00000000 00:00 0 
7f472c82d000-7f472c92b000 rw-p 00000000 00:00 0 
7f472c92b000-7f472c92c000 ---p 00000000 00:00 0 
7f472c92c000-7f472ca2c000 rw-p 00000000 00:00 0 
7f472ca2c000-7f472ca2f000 ---p 00000000 00:00 0 
7f472ca2f000-7f472cb2d000 rw-p 00000000 00:00 0 
7f472cb2d000-7f472cb30000 ---p 00000000 00:00 0 
7f472cb30000-7f472cc2e000 rw-p 00000000 00:00 0 
7f472cc2e000-7f472cc31000 ---p 00000000 00:00 0 
7f472cc31000-7f472cd2f000 rw-p 00000000 00:00 0 
7f472cd2f000-7f472cd32000 ---p 00000000 00:00 0 
7f472cd32000-7f472ce30000 rw-p 00000000 00:00 0 
7f472ce30000-7f472ce33000 ---p 00000000 00:00 0 
7f472ce33000-7f472cf31000 rw-p 00000000 00:00 0 
7f472cf31000-7f472d8f1000 r--p 00000000 08:06 2628587                    /usr/lib/locale/locale-archive
7f472d8f1000-7f472d8f4000 ---p 00000000 00:00 0 
7f472d8f4000-7f472d9f2000 rw-p 00000000 00:00 0 
7f472d9f2000-7f472d9f5000 ---p 00000000 00:00 0 
7f472d9f5000-7f472daf3000 rw-p 00000000 00:00 0 
7f472daf3000-7f472daf4000 ---p 00000000 00:00 0 
7f472daf4000-7f472ee40000 rw-p 00000000 00:00 0 
7f472ee40000-7f472f000000 ---p 00000000 00:00 0 
7f472f000000-7f4731000000 rw-p 00000000 00:00 0 
7f4731000000-7f47314d0000 rwxp 00000000 00:00 0 
7f47314d0000-7f4740000000 ---p 00000000 00:00 0 
7f4740000000-7f4740392000 rw-p 00000000 00:00 0 
7f4740392000-7f4744000000 ---p 00000000 00:00 0 
7f474402b000-7f4744037000 r--s 00069000 08:06 5645537                    /home/nur/.gradle/caches/modules-2/files-2.1/com.github.bumptech.glide/glide/3.7.0/9e9eeaf9948ee4d6c3ab354e8dc14368f16994a4/glide-3.7.0.jar
7f4744037000-7f4744045000 r--s 000e0000 08:06 9570111                    /home/nur/Android/Sdk/build-tools/24.0.2/lib/dx.jar
7f4744045000-7f47443ed000 rw-p 00000000 00:00 0 
7f47443ed000-7f47445c6000 r--s 03d29000 08:06 5119781                    /usr/lib/jvm/java-8-oracle/jre/lib/rt.jar
7f47445c6000-7f474483c000 rw-p 00000000 00:00 0 
7f474483c000-7f474483d000 ---p 00000000 00:00 0 
7f474483d000-7f474493d000 rw-p 00000000 00:00 0 
7f474493d000-7f474493e000 ---p 00000000 00:00 0 
7f474493e000-7f4744a3e000 rw-p 00000000 00:00 0 
7f4744a3e000-7f4744a3f000 ---p 00000000 00:00 0 
7f4744a3f000-7f4744b3f000 rw-p 00000000 00:00 0 
7f4744b3f000-7f4744b40000 ---p 00000000 00:00 0 
7f4744b40000-7f4744c5f000 rw-p 00000000 00:00 0 
7f4744c5f000-7f4744d96000 ---p 00000000 00:00 0 
7f4744d96000-7f4744db5000 rw-p 00000000 00:00 0 
7f4744db5000-7f4744eeb000 ---p 00000000 00:00 0 
7f4744eeb000-7f4744f1e000 rw-p 00000000 00:00 0 
7f4744f1e000-7f4744f96000 ---p 00000000 00:00 0 
7f4744f96000-7f4744fab000 rw-p 00000000 00:00 0 
7f4744fab000-7f4745357000 ---p 00000000 00:00 0 
7f4745357000-7f4745371000 r-xp 00000000 08:06 7213491                    /usr/lib/jvm/java-8-oracle/jre/lib/amd64/libzip.so
7f4745371000-7f4745571000 ---p 0001a000 08:06 7213491                    /usr/lib/jvm/java-8-oracle/jre/lib/amd64/libzip.so
7f4745571000-7f4745572000 rw-p 0001a000 08:06 7213491                    /usr/lib/jvm/java-8-oracle/jre/lib/amd64/libzip.so
7f4745572000-7f474557d000 r-xp 00000000 08:06 791069                     /lib/x86_64-linux-gnu/libnss_files-2.23.so
7f474557d000-7f474577c000 ---p 0000b000 08:06 791069                     /lib/x86_64-linux-gnu/libnss_files-2.23.so
7f474577c000-7f474577d000 r--p 0000a000 08:06 791069                     /lib/x86_64-linux-gnu/libnss_files-2.23.so
7f474577d000-7f474577e000 rw-p 0000b000 08:06 791069                     /lib/x86_64-linux-gnu/libnss_files-2.23.so
7f474577e000-7f4745784000 rw-p 00000000 00:00 0 
7f4745784000-7f474578f000 r-xp 00000000 08:06 791079                     /lib/x86_64-linux-gnu/libnss_nis-2.23.so
7f474578f000-7f474598e000 ---p 0000b000 08:06 791079                     /lib/x86_64-linux-gnu/libnss_nis-2.23.so
7f474598e000-7f474598f000 r--p 0000a000 08:06 791079                     /lib/x86_64-linux-gnu/libnss_nis-2.23.so
7f474598f000-7f4745990000 rw-p 0000b000 08:06 791079                     /lib/x86_64-linux-gnu/libnss_nis-2.23.so
7f4745990000-7f47459a6000 r-xp 00000000 08:06 791063                     /lib/x86_64-linux-gnu/libnsl-2.23.so
7f47459a6000-7f4745ba5000 ---p 00016000 08:06 791063                     /lib/x86_64-linux-gnu/libnsl-2.23.so
7f4745ba5000-7f4745ba6000 r--p 00015000 08:06 791063                     /lib/x86_64-linux-gnu/libnsl-2.23.so
7f4745ba6000-7f4745ba7000 rw-p 00016000 08:06 791063                     /lib/x86_64-linux-gnu/libnsl-2.23.so
7f4745ba7000-7f4745ba9000 rw-p 00000000 00:00 0 
7f4745ba9000-7f4745bb1000 r-xp 00000000 08:06 791065                     /lib/x86_64-linux-gnu/libnss_compat-2.23.so
7f4745bb1000-7f4745db0000 ---p 00008000 08:06 791065                     /lib/x86_64-linux-gnu/libnss_compat-2.23.so
7f4745db0000-7f4745db1000 r--p 00007000 08:06 791065                     /lib/x86_64-linux-gnu/libnss_compat-2.23.so
7f4745db1000-7f4745db2000 rw-p 00008000 08:06 791065                     /lib/x86_64-linux-gnu/libnss_compat-2.23.so
7f4745db2000-7f4745ddc000 r-xp 00000000 08:06 7213517                    /usr/lib/jvm/java-8-oracle/jre/lib/amd64/libjava.so
7f4745ddc000-7f4745fdc000 ---p 0002a000 08:06 7213517                    /usr/lib/jvm/java-8-oracle/jre/lib/amd64/libjava.so
7f4745fdc000-7f4745fde000 rw-p 0002a000 08:06 7213517                    /usr/lib/jvm/java-8-oracle/jre/lib/amd64/libjava.so
7f4745fde000-7f4745feb000 r-xp 00000000 08:06 7213471                    /usr/lib/jvm/java-8-oracle/jre/lib/amd64/libverify.so
7f4745feb000-7f47461eb000 ---p 0000d000 08:06 7213471                    /usr/lib/jvm/java-8-oracle/jre/lib/amd64/libverify.so
7f47461eb000-7f47461ed000 rw-p 0000d000 08:06 7213471                    /usr/lib/jvm/java-8-oracle/jre/lib/amd64/libverify.so
7f47461ed000-7f47461f4000 r-xp 00000000 08:06 791124                     /lib/x86_64-linux-gnu/librt-2.23.so
7f47461f4000-7f47463f3000 ---p 00007000 08:06 791124                     /lib/x86_64-linux-gnu/librt-2.23.so
7f47463f3000-7f47463f4000 r--p 00006000 08:06 791124                     /lib/x86_64-linux-gnu/librt-2.23.so
7f47463f4000-7f47463f5000 rw-p 00007000 08:06 791124                     /lib/x86_64-linux-gnu/librt-2.23.so
7f47463f5000-7f47464fd000 r-xp 00000000 08:06 791040                     /lib/x86_64-linux-gnu/libm-2.23.so
7f47464fd000-7f47466fc000 ---p 00108000 08:06 791040                     /lib/x86_64-linux-gnu/libm-2.23.so
7f47466fc000-7f47466fd000 r--p 00107000 08:06 791040                     /lib/x86_64-linux-gnu/libm-2.23.so
7f47466fd000-7f47466fe000 rw-p 00108000 08:06 791040                     /lib/x86_64-linux-gnu/libm-2.23.so
7f47466fe000-7f47473c9000 r-xp 00000000 08:06 7344163                    /usr/lib/jvm/java-8-oracle/jre/lib/amd64/server/libjvm.so
7f47473c9000-7f47475c8000 ---p 00ccb000 08:06 7344163                    /usr/lib/jvm/java-8-oracle/jre/lib/amd64/server/libjvm.so
7f47475c8000-7f47476a1000 rw-p 00cca000 08:06 7344163                    /usr/lib/jvm/java-8-oracle/jre/lib/amd64/server/libjvm.so
7f47476a1000-7f47476ec000 rw-p 00000000 00:00 0 
7f47476ec000-7f47478ac000 r-xp 00000000 08:06 790970                     /lib/x86_64-linux-gnu/libc-2.23.so
7f47478ac000-7f4747aab000 ---p 001c0000 08:06 790970                     /lib/x86_64-linux-gnu/libc-2.23.so
7f4747aab000-7f4747aaf000 r--p 001bf000 08:06 790970                     /lib/x86_64-linux-gnu/libc-2.23.so
7f4747aaf000-7f4747ab1000 rw-p 001c3000 08:06 790970                     /lib/x86_64-linux-gnu/libc-2.23.so
7f4747ab1000-7f4747ab5000 rw-p 00000000 00:00 0 
7f4747ab5000-7f4747ab8000 r-xp 00000000 08:06 790994                     /lib/x86_64-linux-gnu/libdl-2.23.so
7f4747ab8000-7f4747cb7000 ---p 00003000 08:06 790994                     /lib/x86_64-linux-gnu/libdl-2.23.so
7f4747cb7000-7f4747cb8000 r--p 00002000 08:06 790994                     /lib/x86_64-linux-gnu/libdl-2.23.so
7f4747cb8000-7f4747cb9000 rw-p 00003000 08:06 790994                     /lib/x86_64-linux-gnu/libdl-2.23.so
7f4747cb9000-7f4747cce000 r-xp 00000000 08:06 9183342                    /usr/lib/jvm/java-8-oracle/lib/amd64/jli/libjli.so
7f4747cce000-7f4747ece000 ---p 00015000 08:06 9183342                    /usr/lib/jvm/java-8-oracle/lib/amd64/jli/libjli.so
7f4747ece000-7f4747ecf000 rw-p 00015000 08:06 9183342                    /usr/lib/jvm/java-8-oracle/lib/amd64/jli/libjli.so
7f4747ecf000-7f4747ee7000 r-xp 00000000 08:06 791116                     /lib/x86_64-linux-gnu/libpthread-2.23.so
7f4747ee7000-7f47480e6000 ---p 00018000 08:06 791116                     /lib/x86_64-linux-gnu/libpthread-2.23.so
7f47480e6000-7f47480e7000 r--p 00017000 08:06 791116                     /lib/x86_64-linux-gnu/libpthread-2.23.so
7f47480e7000-7f47480e8000 rw-p 00018000 08:06 791116                     /lib/x86_64-linux-gnu/libpthread-2.23.so
7f47480e8000-7f47480ec000 rw-p 00000000 00:00 0 
7f47480ec000-7f4748112000 r-xp 00000000 08:06 790942                     /lib/x86_64-linux-gnu/ld-2.23.so
7f4748116000-7f47481e8000 rw-p 00000000 00:00 0 
7f47481e8000-7f47481eb000 ---p 00000000 00:00 0 
7f47481eb000-7f47482ed000 rw-p 00000000 00:00 0 
7f47482f1000-7f4748305000 rw-p 00000000 00:00 0 
7f4748305000-7f474830d000 rw-s 00000000 08:06 5647871                    /tmp/hsperfdata_nur/14937
7f474830d000-7f474830e000 rw-p 00000000 00:00 0 
7f474830e000-7f474830f000 ---p 00000000 00:00 0 
7f474830f000-7f4748311000 rw-p 00000000 00:00 0 
7f4748311000-7f4748312000 r--p 00025000 08:06 790942                     /lib/x86_64-linux-gnu/ld-2.23.so
7f4748312000-7f4748313000 rw-p 00026000 08:06 790942                     /lib/x86_64-linux-gnu/ld-2.23.so
7f4748313000-7f4748314000 rw-p 00000000 00:00 0 
7ffc2cf1a000-7ffc2cf3c000 rw-p 00000000 00:00 0                          [stack]
7ffc2cfd4000-7ffc2cfd6000 r--p 00000000 00:00 0                          [vvar]
7ffc2cfd6000-7ffc2cfd8000 r-xp 00000000 00:00 0                          [vdso]
ffffffffff600000-ffffffffff601000 r-xp 00000000 00:00 0                  [vsyscall]

VM Arguments:
jvm_args: -Djava.awt.headless=true -Xmx1024M -Dfile.encoding=UTF-8 -Duser.country=US -Duser.language=en -Duser.variant 
java_command: com.android.dx.command.Main --dex --force-jumbo --num-threads=4 --multi-dex --output /home/nur/AndroidStudioProjects/TaskTwo/app/build/intermediates/transforms/dex/debug/folders/1000/10/glide-3.7.0_14a6a280e80a403c5cab74248200cf4bfb9baa32 /home/nur/.gradle/caches/modules-2/files-2.1/com.github.bumptech.glide/glide/3.7.0/9e9eeaf9948ee4d6c3ab354e8dc14368f16994a4/glide-3.7.0.jar
java_class_path (initial): /home/nur/Android/Sdk/build-tools/24.0.2/lib/dx.jar
Launcher Type: SUN_STANDARD

Environment Variables:
PATH=/usr/local/heroku/bin:/usr/local/sbin:/usr/local/bin:/usr/sbin:/usr/bin:/sbin:/bin:/usr/games:/usr/local/games:/snap/bin
LD_LIBRARY_PATH=/home/nur/android-studio/bin:
SHELL=/bin/bash
DISPLAY=:0

Signal Handlers:
SIGSEGV: [libjvm.so+0xac4790], sa_mask[0]=11111111011111111101111111111110, sa_flags=SA_RESTART|SA_SIGINFO
SIGBUS: [libjvm.so+0xac4790], sa_mask[0]=11111111011111111101111111111110, sa_flags=SA_RESTART|SA_SIGINFO
SIGFPE: [libjvm.so+0x91f140], sa_mask[0]=11111111011111111101111111111110, sa_flags=SA_RESTART|SA_SIGINFO
SIGPIPE: [libjvm.so+0x91f140], sa_mask[0]=11111111011111111101111111111110, sa_flags=SA_RESTART|SA_SIGINFO
SIGXFSZ: [libjvm.so+0x91f140], sa_mask[0]=11111111011111111101111111111110, sa_flags=SA_RESTART|SA_SIGINFO
SIGILL: [libjvm.so+0x91f140], sa_mask[0]=11111111011111111101111111111110, sa_flags=SA_RESTART|SA_SIGINFO
SIGUSR1: SIG_DFL, sa_mask[0]=00000000000000000000000000000000, sa_flags=none
SIGUSR2: [libjvm.so+0x920770], sa_mask[0]=00100000000000000000000000000000, sa_flags=SA_RESTART|SA_SIGINFO
SIGHUP: [libjvm.so+0x921b70], sa_mask[0]=11111111011111111101111111111110, sa_flags=SA_RESTART|SA_SIGINFO
SIGINT: [libjvm.so+0x921b70], sa_mask[0]=11111111011111111101111111111110, sa_flags=SA_RESTART|SA_SIGINFO
SIGTERM: [libjvm.so+0x921b70], sa_mask[0]=11111111011111111101111111111110, sa_flags=SA_RESTART|SA_SIGINFO
SIGQUIT: [libjvm.so+0x921b70], sa_mask[0]=11111111011111111101111111111110, sa_flags=SA_RESTART|SA_SIGINFO


---------------  S Y S T E M  ---------------

OS:DISTRIB_ID=Ubuntu
DISTRIB_RELEASE=16.04
DISTRIB_CODENAME=xenial
DISTRIB_DESCRIPTION="Ubuntu 16.04.1 LTS"

uname:Linux 4.4.0-38-generic #57-Ubuntu SMP Tue Sep 6 15:42:33 UTC 2016 x86_64
libc:glibc 2.23 NPTL 2.23 
rlimit: STACK 8192k, CORE 0k, NPROC 22972, NOFILE 65536, AS infinity
load average:11,08 4,27 2,79

/proc/meminfo:
MemTotal:        5918860 kB
MemFree:          514308 kB
MemAvailable:    1880552 kB
Buffers:          323976 kB
Cached:          1059244 kB
SwapCached:         1712 kB
Active:          3282008 kB
Inactive:        1617248 kB
Active(anon):    2582156 kB
Inactive(anon):   968596 kB
Active(file):     699852 kB
Inactive(file):   648652 kB
Unevictable:          32 kB
Mlocked:              32 kB
SwapTotal:       1953788 kB
SwapFree:        1932600 kB
Dirty:              2880 kB
Writeback:             0 kB
AnonPages:       3514904 kB
Mapped:           351352 kB
Shmem:             34716 kB
Slab:             351708 kB
SReclaimable:     314008 kB
SUnreclaim:        37700 kB
KernelStack:       11104 kB
PageTables:        38996 kB
NFS_Unstable:          0 kB
Bounce:                0 kB
WritebackTmp:          0 kB
CommitLimit:     4913216 kB
Committed_AS:    7354656 kB
VmallocTotal:   34359738367 kB
VmallocUsed:           0 kB
VmallocChunk:          0 kB
HardwareCorrupted:     0 kB
AnonHugePages:   2074624 kB
CmaTotal:              0 kB
CmaFree:               0 kB
HugePages_Total:       0
HugePages_Free:        0
HugePages_Rsvd:        0
HugePages_Surp:        0
Hugepagesize:       2048 kB
DirectMap4k:      222800 kB
DirectMap2M:     5875712 kB


CPU:total 4 (2 cores per cpu, 2 threads per core) family 6 model 42 stepping 7, cmov, cx8, fxsr, mmx, sse, sse2, sse3, ssse3, sse4.1, sse4.2, popcnt, avx, aes, clmul, ht, tsc, tscinvbit

/proc/cpuinfo:
processor	: 0
vendor_id	: GenuineIntel
cpu family	: 6
model		: 42
model name	: Intel(R) Core(TM) i5-2450M CPU @ 2.50GHz
stepping	: 7
microcode	: 0x23
cpu MHz		: 2500.000
cache size	: 3072 KB
physical id	: 0
siblings	: 4
core id		: 0
cpu cores	: 2
apicid		: 0
initial apicid	: 0
fpu		: yes
fpu_exception	: yes
cpuid level	: 13
wp		: yes
flags		: fpu vme de pse tsc msr pae mce cx8 apic sep mtrr pge mca cmov pat pse36 clflush dts acpi mmx fxsr sse sse2 ss ht tm pbe syscall nx rdtscp lm constant_tsc arch_perfmon pebs bts nopl xtopology nonstop_tsc aperfmperf eagerfpu pni pclmulqdq dtes64 monitor ds_cpl vmx est tm2 ssse3 cx16 xtpr pdcm pcid sse4_1 sse4_2 x2apic popcnt tsc_deadline_timer aes xsave avx lahf_lm epb tpr_shadow vnmi flexpriority ept vpid xsaveopt dtherm ida arat pln pts
bugs		:
bogomips	: 4989.16
clflush size	: 64
cache_alignment	: 64
address sizes	: 36 bits physical, 48 bits virtual
power management:

processor	: 1
vendor_id	: GenuineIntel
cpu family	: 6
model		: 42
model name	: Intel(R) Core(TM) i5-2450M CPU @ 2.50GHz
stepping	: 7
microcode	: 0x23
cpu MHz		: 2500.000
cache size	: 3072 KB
physical id	: 0
siblings	: 4
core id		: 0
cpu cores	: 2
apicid		: 1
initial apicid	: 1
fpu		: yes
fpu_exception	: yes
cpuid level	: 13
wp		: yes
flags		: fpu vme de pse tsc msr pae mce cx8 apic sep mtrr pge mca cmov pat pse36 clflush dts acpi mmx fxsr sse sse2 ss ht tm pbe syscall nx rdtscp lm constant_tsc arch_perfmon pebs bts nopl xtopology nonstop_tsc aperfmperf eagerfpu pni pclmulqdq dtes64 monitor ds_cpl vmx est tm2 ssse3 cx16 xtpr pdcm pcid sse4_1 sse4_2 x2apic popcnt tsc_deadline_timer aes xsave avx lahf_lm epb tpr_shadow vnmi flexpriority ept vpid xsaveopt dtherm arat pln pts
bugs		:
bogomips	: 4989.16
clflush size	: 64
cache_alignment	: 64
address sizes	: 36 bits physical, 48 bits virtual
power management:

processor	: 2
vendor_id	: GenuineIntel
cpu family	: 6
model		: 42
model name	: Intel(R) Core(TM) i5-2450M CPU @ 2.50GHz
stepping	: 7
microcode	: 0x23
cpu MHz		: 2500.000
cache size	: 3072 KB
physical id	: 0
siblings	: 4
core id		: 1
cpu cores	: 2
apicid		: 2
initial apicid	: 2
fpu		: yes
fpu_exception	: yes
cpuid level	: 13
wp		: yes
flags		: fpu vme de pse tsc msr pae mce cx8 apic sep mtrr pge mca cmov pat pse36 clflush dts acpi mmx fxsr sse sse2 ss ht tm pbe syscall nx rdtscp lm constant_tsc arch_perfmon pebs bts nopl xtopology nonstop_tsc aperfmperf eagerfpu pni pclmulqdq dtes64 monitor ds_cpl vmx est tm2 ssse3 cx16 xtpr pdcm pcid sse4_1 sse4_2 x2apic popcnt tsc_deadline_timer aes xsave avx lahf_lm epb tpr_shadow vnmi flexpriority ept vpid xsaveopt dtherm arat pln pts
bugs		:
bogomips	: 4989.16
clflush size	: 64
cache_alignment	: 64
address sizes	: 36 bits physical, 48 bits virtual
power management:

processor	: 3
vendor_id	: GenuineIntel
cpu family	: 6
model		: 42
model name	: Intel(R) Core(TM) i5-2450M CPU @ 2.50GHz
stepping	: 7
microcode	: 0x23
cpu MHz		: 2500.000
cache size	: 3072 KB
physical id	: 0
siblings	: 4
core id		: 1
cpu cores	: 2
apicid		: 3
initial apicid	: 3
fpu		: yes
fpu_exception	: yes
cpuid level	: 13
wp		: yes
flags		: fpu vme de pse tsc msr pae mce cx8 apic sep mtrr pge mca cmov pat pse36 clflush dts acpi mmx fxsr sse sse2 ss ht tm pbe syscall nx rdtscp lm constant_tsc arch_perfmon pebs bts nopl xtopology nonstop_tsc aperfmperf eagerfpu pni pclmulqdq dtes64 monitor ds_cpl vmx est tm2 ssse3 cx16 xtpr pdcm pcid sse4_1 sse4_2 x2apic popcnt tsc_deadline_timer aes xsave avx lahf_lm epb tpr_shadow vnmi flexpriority ept vpid xsaveopt dtherm arat pln pts
bugs		:
bogomips	: 4989.16
clflush size	: 64
cache_alignment	: 64
address sizes	: 36 bits physical, 48 bits virtual
power management:



Memory: 4k page, physical 5918860k(513812k free), swap 1953788k(1932600k free)

vm_info: Java HotSpot(TM) 64-Bit Server VM (25.101-b13) for linux-amd64 JRE (1.8.0_101-b13), built on Jun 22 2016 02:59:44 by "java_re" with gcc 4.3.0 20080428 (Red Hat 4.3.0-8)

time: Sat Sep 24 08:22:18 2016
elapsed time: 4 seconds (0d 0h 0m 4s)

